This is pdfTeX, Version 3.14159265-2.6-1.40.17 (MiKTeX 2.9) (preloaded format=pdflatex 2016.8.26)  13 SEP 2016 00:47
entering extended mode
**./thesis.tex
(thesis.tex
LaTeX2e <2016/03/31> patch level 1
Babel <3.9r> and hyphenation patterns for 75 language(s) loaded.
(ucr.cls ("C:\Program Files (x86)\MiKTeX 2.9\tex\latex\ltxmisc\anysize.sty"
Package: anysize 1994/08/13 1.0 Contributed LaTeX2e package

Package: `anysize' 1.0 <1994/08/13>
\@Leftmargin=\dimen102
\@Rightmargin=\dimen103
\@Topmargin=\dimen104
\@Bottommargin=\dimen105
) ("C:\Program Files (x86)\MiKTeX 2.9\tex\latex\geometry\geometry.sty"
Package: geometry 2010/09/12 v5.6 Page Geometry

("C:\Program Files (x86)\MiKTeX 2.9\tex\latex\graphics\keyval.sty"
Package: keyval 2014/10/28 v1.15 key=value parser (DPC)
\KV@toks@=\toks14
)
("C:\Program Files (x86)\MiKTeX 2.9\tex\generic\oberdiek\ifpdf.sty"
Package: ifpdf 2016/05/14 v3.1 Provides the ifpdf switch
)
("C:\Program Files (x86)\MiKTeX 2.9\tex\generic\oberdiek\ifvtex.sty"
Package: ifvtex 2016/05/16 v1.6 Detect VTeX and its facilities (HO)
Package ifvtex Info: VTeX not detected.
)
("C:\Program Files (x86)\MiKTeX 2.9\tex\generic\ifxetex\ifxetex.sty"
Package: ifxetex 2010/09/12 v0.6 Provides ifxetex conditional
)
\Gm@cnth=\count79
\Gm@cntv=\count80
\c@Gm@tempcnt=\count81
\Gm@bindingoffset=\dimen106
\Gm@wd@mp=\dimen107
\Gm@odd@mp=\dimen108
\Gm@even@mp=\dimen109
\Gm@layoutwidth=\dimen110
\Gm@layoutheight=\dimen111
\Gm@layouthoffset=\dimen112
\Gm@layoutvoffset=\dimen113
\Gm@dimlist=\toks15

("C:\Program Files (x86)\MiKTeX 2.9\tex\latex\geometry\geometry.cfg"))
("C:\Program Files (x86)\MiKTeX 2.9\tex\latex\tools\xspace.sty"
Package: xspace 2014/10/28 v1.13 Space after command names (DPC,MH)
)
("C:\Program Files (x86)\MiKTeX 2.9\tex\latex\graphics\graphicx.sty"
Package: graphicx 2014/10/28 v1.0g Enhanced LaTeX Graphics (DPC,SPQR)

("C:\Program Files (x86)\MiKTeX 2.9\tex\latex\graphics\graphics.sty"
Package: graphics 2016/06/02 v1.0s Standard LaTeX Graphics (DPC,SPQR)

("C:\Program Files (x86)\MiKTeX 2.9\tex\latex\graphics\trig.sty"
Package: trig 2016/01/03 v1.10 sin cos tan (DPC)
)
("C:\Program Files (x86)\MiKTeX 2.9\tex\latex\00miktex\graphics.cfg"
File: graphics.cfg 2016/06/04 v1.11 sample graphics configuration
)
Package graphics Info: Driver file: pdftex.def on input line 99.

("C:\Program Files (x86)\MiKTeX 2.9\tex\latex\graphics-def\pdftex.def"
File: pdftex.def 2016/07/10 v0.06j Graphics/color for pdfTeX

("C:\Program Files (x86)\MiKTeX 2.9\tex\generic\oberdiek\infwarerr.sty"
Package: infwarerr 2016/05/16 v1.4 Providing info/warning/error messages (HO)
)
("C:\Program Files (x86)\MiKTeX 2.9\tex\generic\oberdiek\ltxcmds.sty"
Package: ltxcmds 2016/05/16 v1.23 LaTeX kernel commands for general use (HO)
)
\Gread@gobject=\count82
))
\Gin@req@height=\dimen114
\Gin@req@width=\dimen115
)
(pdfsync.sty
Package: pdfsync 2008/01/26 v1.1
) ("C:\Program Files (x86)\MiKTeX 2.9\tex\latex\amsmath\amsmath.sty"
Package: amsmath 2016/03/10 v2.15b AMS math features
\@mathmargin=\skip41

For additional information on amsmath, use the `?' option.
("C:\Program Files (x86)\MiKTeX 2.9\tex\latex\amsmath\amstext.sty"
Package: amstext 2000/06/29 v2.01 AMS text

("C:\Program Files (x86)\MiKTeX 2.9\tex\latex\amsmath\amsgen.sty"
File: amsgen.sty 1999/11/30 v2.0 generic functions
\@emptytoks=\toks16
\ex@=\dimen116
))
("C:\Program Files (x86)\MiKTeX 2.9\tex\latex\amsmath\amsbsy.sty"
Package: amsbsy 1999/11/29 v1.2d Bold Symbols
\pmbraise@=\dimen117
)
("C:\Program Files (x86)\MiKTeX 2.9\tex\latex\amsmath\amsopn.sty"
Package: amsopn 2016/03/08 v2.02 operator names
)
\inf@bad=\count83
LaTeX Info: Redefining \frac on input line 199.
\uproot@=\count84
\leftroot@=\count85
LaTeX Info: Redefining \overline on input line 297.
\classnum@=\count86
\DOTSCASE@=\count87
LaTeX Info: Redefining \ldots on input line 394.
LaTeX Info: Redefining \dots on input line 397.
LaTeX Info: Redefining \cdots on input line 518.
\Mathstrutbox@=\box26
\strutbox@=\box27
\big@size=\dimen118
LaTeX Font Info:    Redeclaring font encoding OML on input line 634.
LaTeX Font Info:    Redeclaring font encoding OMS on input line 635.
\macc@depth=\count88
\c@MaxMatrixCols=\count89
\dotsspace@=\muskip10
\c@parentequation=\count90
\dspbrk@lvl=\count91
\tag@help=\toks17
\row@=\count92
\column@=\count93
\maxfields@=\count94
\andhelp@=\toks18
\eqnshift@=\dimen119
\alignsep@=\dimen120
\tagshift@=\dimen121
\tagwidth@=\dimen122
\totwidth@=\dimen123
\lineht@=\dimen124
\@envbody=\toks19
\multlinegap=\skip42
\multlinetaggap=\skip43
\mathdisplay@stack=\toks20
LaTeX Info: Redefining \[ on input line 2739.
LaTeX Info: Redefining \] on input line 2740.
)
(fncylab.sty) ("C:\Program Files (x86)\MiKTeX 2.9\tex\latex\graphics\color.sty"
Package: color 2016/06/02 v1.1d Standard LaTeX Color (DPC)
("C:\Program Files (x86)\MiKTeX 2.9\tex\latex\00miktex\color.cfg"
File: color.cfg 2016/01/02 v1.6 sample color configuration
)
Package color Info: Driver file: pdftex.def on input line 147.
)
\c@theorem=\count95

Document Class: ucr 2006/04/30 v3.2.1 University of California Riverside Thesis
 Class
(uct11.clo)
\descriptionmargin=\dimen125
\c@part=\count96
\c@chapter=\count97
\c@section=\count98
\c@subsection=\count99
\c@subsubsection=\count100
\c@paragraph=\count101
\c@subparagraph=\count102
\c@figure=\count103
\c@table=\count104
) (packages.tex
("C:\Program Files (x86)\MiKTeX 2.9\tex\latex\booktabs\booktabs.sty"
Package: booktabs 2005/04/14 v1.61803 publication quality tables
\heavyrulewidth=\dimen126
\lightrulewidth=\dimen127
\cmidrulewidth=\dimen128
\belowrulesep=\dimen129
\belowbottomsep=\dimen130
\aboverulesep=\dimen131
\abovetopsep=\dimen132
\cmidrulesep=\dimen133
\cmidrulekern=\dimen134
\defaultaddspace=\dimen135
\@cmidla=\count105
\@cmidlb=\count106
\@aboverulesep=\dimen136
\@belowrulesep=\dimen137
\@thisruleclass=\count107
\@lastruleclass=\count108
\@thisrulewidth=\dimen138
)
("C:\Program Files (x86)\MiKTeX 2.9\tex\latex\tools\longtable.sty"
Package: longtable 2014/10/28 v4.11 Multi-page Table package (DPC)
\LTleft=\skip44
\LTright=\skip45
\LTpre=\skip46
\LTpost=\skip47
\LTchunksize=\count109
\LTcapwidth=\dimen139
\LT@head=\box28
\LT@firsthead=\box29
\LT@foot=\box30
\LT@lastfoot=\box31
\LT@cols=\count110
\LT@rows=\count111
\c@LT@tables=\count112
\c@LT@chunks=\count113
\LT@p@ftn=\toks21
)
(setspace.sty
Package: setspace 2011/12/19 v6.7a set line spacing
)
("C:\Program Files (x86)\MiKTeX 2.9\tex\latex\graphics\rotating.sty"
Package: rotating 2016/05/22 v2.16c rotated objects in LaTeX

("C:\Program Files (x86)\MiKTeX 2.9\tex\latex\base\ifthen.sty"
Package: ifthen 2014/09/29 v1.1c Standard LaTeX ifthen package (DPC)
)
\c@r@tfl@t=\count114
\rotFPtop=\skip48
\rotFPbot=\skip49
\rot@float@box=\box32
\rot@mess@toks=\toks22
)
("C:\Program Files (x86)\MiKTeX 2.9\tex\latex\tools\tabularx.sty"
Package: tabularx 2016/02/03 v2.11 `tabularx' package (DPC)

("C:\Program Files (x86)\MiKTeX 2.9\tex\latex\tools\array.sty"
Package: array 2014/10/28 v2.4c Tabular extension package (FMi)
\col@sep=\dimen140
\extrarowheight=\dimen141
\NC@list=\toks23
\extratabsurround=\skip50
\backup@length=\skip51
)
\TX@col@width=\dimen142
\TX@old@table=\dimen143
\TX@old@col=\dimen144
\TX@target=\dimen145
\TX@delta=\dimen146
\TX@cols=\count115
\TX@ftn=\toks24
) (scrextend.sty
Package: scrextend 2012/07/29 v3.11b KOMA-Script KOMA-Script package (extend ot
her classes with features of KOMA-Script classes)
(scrkbase.sty
Package: scrkbase 2012/07/29 v3.11b KOMA-Script package (KOMA-Script-dependent 
basics and keyval usage)
 (scrbase.sty
Package: scrbase 2012/07/29 v3.11b KOMA-Script package (KOMA-Script-independent
 basics and keyval usage)
 (scrlfile.sty
Package: scrlfile 2012/06/15 v3.12 KOMA-Script package (loading files)

Package scrlfile, 2012/06/15 v3.12 KOMA-Script package (loading files)
                  Copyright (C) Markus Kohm

)))
Package scrextend Info: You've used standard option `final'.
(scrextend)             This is correct!
(scrextend)             Internally I'm using `draft=false'.
(scrextend)             If you'd like to set the option with \KOMAoptions,
(scrextend)             you'd have to use `draft=false' there
(scrextend)             instead of `final', too.
LaTeX Info: Redefining \textsubscript on input line 926.
) ("C:\Program Files (x86)\MiKTeX 2.9\tex\latex\caption\caption.sty"
Package: caption 2016/02/21 v3.3-144 Customizing captions (AR)

("C:\Program Files (x86)\MiKTeX 2.9\tex\latex\caption\caption3.sty"
Package: caption3 2016/05/22 v1.7-166 caption3 kernel (AR)
Package caption3 Info: TeX engine: e-TeX on input line 67.
\captionmargin=\dimen147
\captionmargin@=\dimen148
\captionwidth=\dimen149
\caption@tempdima=\dimen150
\caption@indent=\dimen151
\caption@parindent=\dimen152
\caption@hangindent=\dimen153
\abovecaptionskip=\skip52
\belowcaptionskip=\skip53
Package caption Info: Unknown document class (or package),
(caption)             standard defaults will be used.
)

Package caption Warning: Unsupported document class (or package) detected,
(caption)                usage of the caption package is not recommended.
See the caption package documentation for explanation.

Package caption Info: \@makecaption = \long macro:#1#2->\par \ifdim \prevdepth 
>-\p@ \vskip 10\p@ \relax \fi \setbox \@tempboxa \hbox {\vbox to\topskip {}#1: 
#2\unskip \strut }\ifdim \wd \@tempboxa >\hsize {\ssp #1: #2\unskip \strut \par
 } \else \hbox to\hsize {\hfil \unhbox \@tempboxa \hfil }\fi .
\c@ContinuedFloat=\count116
Package caption Info: longtable package is loaded.
("C:\Program Files (x86)\MiKTeX 2.9\tex\latex\caption\ltcaption.sty"
Package: ltcaption 2013/06/09 v1.4-94 longtable captions (AR)
)
Package caption Info: rotating package is loaded.
)
("C:\Program Files (x86)\MiKTeX 2.9\tex\latex\caption\subcaption.sty"
Package: subcaption 2016/05/22 v1.1-161 Sub-captions (AR)
\c@subfigure=\count117
\c@subtable=\count118
)
("C:\Program Files (x86)\MiKTeX 2.9\tex\latex\natbib\natbib.sty"
Package: natbib 2010/09/13 8.31b (PWD, AO)
\bibhang=\skip54
\bibsep=\skip55
LaTeX Info: Redefining \cite on input line 694.
\c@NAT@ctr=\count119
)
("C:\Program Files (x86)\MiKTeX 2.9\tex\latex\float\float.sty"
Package: float 2001/11/08 v1.3d Float enhancements (AL)
\c@float@type=\count120
\float@exts=\toks25
\float@box=\box33
\@float@everytoks=\toks26
\@floatcapt=\box34
)
("C:\Program Files (x86)\MiKTeX 2.9\tex\latex\xcolor\xcolor.sty"
Package: xcolor 2016/05/11 v2.12 LaTeX color extensions (UK)

("C:\Program Files (x86)\MiKTeX 2.9\tex\latex\00miktex\color.cfg"
File: color.cfg 2016/01/02 v1.6 sample color configuration
)
Package xcolor Info: Driver file: pdftex.def on input line 225.

("C:\Program Files (x86)\MiKTeX 2.9\tex\latex\colortbl\colortbl.sty"
Package: colortbl 2012/02/13 v1.0a Color table columns (DPC)
\everycr=\toks27
\minrowclearance=\skip56
)
LaTeX Info: Redefining \color on input line 709.
\rownum=\count121
Package xcolor Info: Model `cmy' substituted by `cmy0' on input line 1348.
Package xcolor Info: Model `hsb' substituted by `rgb' on input line 1352.
Package xcolor Info: Model `RGB' extended on input line 1364.
Package xcolor Info: Model `HTML' substituted by `rgb' on input line 1366.
Package xcolor Info: Model `Hsb' substituted by `hsb' on input line 1367.
Package xcolor Info: Model `tHsb' substituted by `hsb' on input line 1368.
Package xcolor Info: Model `HSB' substituted by `hsb' on input line 1369.
Package xcolor Info: Model `Gray' substituted by `gray' on input line 1370.
Package xcolor Info: Model `wave' substituted by `hsb' on input line 1371.
)
("C:\Program Files (x86)\MiKTeX 2.9\tex\latex\ulem\ulem.sty"
\UL@box=\box35
\UL@hyphenbox=\box36
\UL@skip=\skip57
\UL@hook=\toks28
\UL@height=\dimen154
\UL@pe=\count122
\UL@pixel=\dimen155
\ULC@box=\box37
Package: ulem 2012/05/18
\ULdepth=\dimen156
))

LaTeX Warning: Unused global option(s):
    [letterpaper].

(thesis.aux

LaTeX Warning: Label `fig:kyieldrecomb' multiply defined.


LaTeX Warning: Label `sub@fig:kyieldrecomb' multiply defined.


LaTeX Warning: Label `fig:daaaratios' multiply defined.


LaTeX Warning: Label `fig:cernfireball' multiply defined.


LaTeX Warning: Label `sub@fig:cernfireball' multiply defined.


LaTeX Warning: Label `fig:evtpln' multiply defined.

)
\openout1 = `thesis.aux'.

LaTeX Font Info:    Checking defaults for OML/cmm/m/it on input line 35.
LaTeX Font Info:    ... okay on input line 35.
LaTeX Font Info:    Checking defaults for T1/cmr/m/n on input line 35.
LaTeX Font Info:    ... okay on input line 35.
LaTeX Font Info:    Checking defaults for OT1/cmr/m/n on input line 35.
LaTeX Font Info:    ... okay on input line 35.
LaTeX Font Info:    Checking defaults for OMS/cmsy/m/n on input line 35.
LaTeX Font Info:    ... okay on input line 35.
LaTeX Font Info:    Checking defaults for OMX/cmex/m/n on input line 35.
LaTeX Font Info:    ... okay on input line 35.
LaTeX Font Info:    Checking defaults for U/cmr/m/n on input line 35.
LaTeX Font Info:    ... okay on input line 35.

*geometry* driver: auto-detecting
*geometry* detected driver: pdftex
*geometry* verbose mode - [ preamble ] result:
* driver: pdftex
* paper: letterpaper
* layout: <same size as paper>
* layoutoffset:(h,v)=(0.0pt,0.0pt)
* modes: 
* h-part:(L,W,R)=(108.405pt, 433.62001pt, 72.26999pt)
* v-part:(T,H,B)=(108.405pt, 614.295pt, 72.26999pt)
* \paperwidth=614.295pt
* \paperheight=794.96999pt
* \textwidth=433.62pt
* \textheight=607.22168pt
* \oddsidemargin=36.135pt
* \evensidemargin=36.135pt
* \topmargin=0.0pt
* \headheight=12.0pt
* \headsep=25.0pt
* \topskip=11.0pt
* \footskip=30.0pt
* \marginparwidth=0.0pt
* \marginparsep=10.0pt
* \columnsep=10.0pt
* \skip\footins=10.0pt plus 4.0pt minus 2.0pt
* \hoffset=0.0pt
* \voffset=0.0pt
* \mag=1000
* \@twocolumnfalse
* \@twosidefalse
* \@mparswitchfalse
* \@reversemarginfalse
* (1in=72.27pt=25.4mm, 1cm=28.453pt)

("C:\Program Files (x86)\MiKTeX 2.9\tex\context\base\supp-pdf.mkii"
[Loading MPS to PDF converter (version 2006.09.02).]
\scratchcounter=\count123
\scratchdimen=\dimen157
\scratchbox=\box38
\nofMPsegments=\count124
\nofMParguments=\count125
\everyMPshowfont=\toks29
\MPscratchCnt=\count126
\MPscratchDim=\dimen158
\MPnumerator=\count127
\makeMPintoPDFobject=\count128
\everyMPtoPDFconversion=\toks30
) ("C:\Program Files (x86)\MiKTeX 2.9\tex\generic\oberdiek\pdftexcmds.sty"
Package: pdftexcmds 2016/05/21 v0.22 Utility functions of pdfTeX for LuaTeX (HO
)

("C:\Program Files (x86)\MiKTeX 2.9\tex\generic\oberdiek\ifluatex.sty"
Package: ifluatex 2016/05/16 v1.4 Provides the ifluatex switch (HO)
Package ifluatex Info: LuaTeX not detected.
)
Package pdftexcmds Info: LuaTeX not detected.
Package pdftexcmds Info: \pdf@primitive is available.
Package pdftexcmds Info: \pdf@ifprimitive is available.
Package pdftexcmds Info: \pdfdraftmode found.
)
("C:\Program Files (x86)\MiKTeX 2.9\tex\latex\oberdiek\epstopdf-base.sty"
Package: epstopdf-base 2016/05/15 v2.6 Base part for package epstopdf

("C:\Program Files (x86)\MiKTeX 2.9\tex\latex\oberdiek\grfext.sty"
Package: grfext 2016/05/16 v1.2 Manage graphics extensions (HO)

("C:\Program Files (x86)\MiKTeX 2.9\tex\generic\oberdiek\kvdefinekeys.sty"
Package: kvdefinekeys 2016/05/16 v1.4 Define keys (HO)
))
("C:\Program Files (x86)\MiKTeX 2.9\tex\latex\oberdiek\kvoptions.sty"
Package: kvoptions 2016/05/16 v3.12 Key value format for package options (HO)

("C:\Program Files (x86)\MiKTeX 2.9\tex\generic\oberdiek\kvsetkeys.sty"
Package: kvsetkeys 2016/05/16 v1.17 Key value parser (HO)

("C:\Program Files (x86)\MiKTeX 2.9\tex\generic\oberdiek\etexcmds.sty"
Package: etexcmds 2016/05/16 v1.6 Avoid name clashes with e-TeX commands (HO)
Package etexcmds Info: Could not find \expanded.
(etexcmds)             That can mean that you are not using pdfTeX 1.50 or
(etexcmds)             that some package has redefined \expanded.
(etexcmds)             In the latter case, load this package earlier.
)))
Package epstopdf-base Info: Redefining graphics rule for `.eps' on input line 4
38.
Package grfext Info: Graphics extension search list:
(grfext)             [.png,.pdf,.jpg,.mps,.jpeg,.jbig2,.jb2,.PNG,.PDF,.JPG,.JPE
G,.JBIG2,.JB2,.eps]
(grfext)             \AppendGraphicsExtensions on input line 456.
)
Configuring pdfsync
\PDFSYNC@ut=\write3
\openout3 = `thesis.pdfsync'.

\PDFSYNCf@li@=\count129
\PDFSYNC@rder=\count130
**** pdfsync.sty: Synchronizing at \everypar
\PDFSYNCeveryp@r=\toks31
**** pdfsync.sty: Synchronizing at \everymath
\PDFSYNCeverym@th=\toks32
**** pdfsync.sty: Synchronizing at \everyhbox
\PDFSYNCeveryhb@x=\toks33
**** pdfsync.sty: Synchronizing at \everyvbox
\PDFSYNCeveryvb@x=\toks34
**** pdfsync.sty: started
Package caption Info: Begin \AtBeginDocument code.
Package caption Info: float package is loaded.
Package caption Info: End \AtBeginDocument code.

[1

{C:/ProgramData/MiKTeX/2.9/pdftex/config/pdftex.map}] [2]
Underfull \hbox (badness 10000) in paragraph at lines 53--53

 []

[3] [4] [5] (abstract.tex
Missing character: There is no ‚ in font cmr10!
Missing character: There is no Ä in font cmr10!
Missing character: There is no ô in font cmr10!
 [6]) (thesis.toc [7

]
Overfull \hbox (2.26546pt too wide) in paragraph at lines 64--64
 [][][][] \OT1/cmr/m/n/10.95 ACC Me-son Sep-a-ra-tion and Gaus-sian Tail Cross 
Con-tam-i-na-tion, $[][]2\OML/cmm/m/it/10.95 :\OT1/cmr/m/n/10.95 1 \OMS/cmsy/m/
n/10.95  
 []

[8])
\tf@toc=\write4
\openout4 = `thesis.toc'.

 [9] (thesis.lof [10

] [11])
\tf@lof=\write5
\openout5 = `thesis.lof'.

 [12] (thesis.lot)
\tf@lot=\write6
\openout6 = `thesis.lot'.

 [13

] (Introduction.tex
Chapter 1.
[1

]
Missing character: There is no ‚ in font cmr10!
Missing character: There is no Ä in font cmr10!
Missing character: There is no ì in font cmr10!
 [2] [3]
Missing character: There is no √ in font cmr10!
Missing character: There is no © in font cmr10!
 [4]) (NuclearMatter.tex [5] [6]
Chapter 2.

LaTeX Warning: Reference `fig:croninration' on page 7 undefined on input line 1
0.

<prevplots/croninratio.JPG, id=72, 383.18156pt x 455.45157pt>
File: prevplots/croninratio.JPG Graphic file (type jpg)

<use prevplots/croninratio.JPG>
Package pdftex.def Info: prevplots/croninratio.JPG used on input line 13.
(pdftex.def)             Requested size: 216.81pt x 257.70589pt.
 [7

]
<Figures/ISIscattering.jpg, id=76, 631.35875pt x 298.11375pt>
File: Figures/ISIscattering.jpg Graphic file (type jpg)

<use Figures/ISIscattering.jpg>
Package pdftex.def Info: Figures/ISIscattering.jpg used on input line 25.
(pdftex.def)             Requested size: 346.89731pt x 163.7993pt.
 [8] [9 <./prevplots/croninratio.JPG>]
<Figures/DYfeynman.png, id=84, 1927.2pt x 963.6pt>
File: Figures/DYfeynman.png Graphic file (type png)
 <use Figures/DYfeynman.png>
Package pdftex.def Info: Figures/DYfeynman.png used on input line 35.
(pdftex.def)             Requested size: 303.53267pt x 151.7531pt.
Missing character: There is no ‚ in font cmr10!
Missing character: There is no Ä in font cmr10!
Missing character: There is no ô in font cmr10!

[10 <./Figures/ISIscattering.jpg>]
<Figures/jetfeynman.jpg, id=89, 1107.13625pt x 803.0pt>
File: Figures/jetfeynman.jpg Graphic file (type jpg)

<use Figures/jetfeynman.jpg>
Package pdftex.def Info: Figures/jetfeynman.jpg used on input line 48.
(pdftex.def)             Requested size: 216.81pt x 157.25214pt.

Overfull \hbox (21.68233pt too wide) in paragraph at lines 49--49
[][][] [] 
 []

<Figures/jetdiagram.jpg, id=90, 501.875pt x 419.5675pt>
File: Figures/jetdiagram.jpg Graphic file (type jpg)

<use Figures/jetdiagram.jpg>
Package pdftex.def Info: Figures/jetdiagram.jpg used on input line 55.
(pdftex.def)             Requested size: 216.81pt x 181.25557pt.

Overfull \hbox (108.405pt too wide) in paragraph at lines 56--56
[][][] [] 
 []

[11 <./Figures/DYfeynman.png>] [12 <./Figures/jetfeynman.jpg> <./Figures/jetdia
gram.jpg>] <prevplots/e609planarity.jpg, id=99, 470.75874pt x 332.24126pt>
File: prevplots/e609planarity.jpg Graphic file (type jpg)

<use prevplots/e609planarity.jpg>
Package pdftex.def Info: prevplots/e609planarity.jpg used on input line 74.
(pdftex.def)             Requested size: 346.89731pt x 244.82555pt.
Missing character: There is no ‚ in font cmr10!
Missing character: There is no Ä in font cmr10!
Missing character: There is no ú in font cmr10!
Missing character: There is no ‚ in font cmr10!
Missing character: There is no Ä in font cmr10!
Missing character: There is no ù in font cmr10!

<Figures/FSIscattering.jpg, id=100, 489.83pt x 374.39874pt>
File: Figures/FSIscattering.jpg Graphic file (type jpg)

<use Figures/FSIscattering.jpg>
Package pdftex.def Info: Figures/FSIscattering.jpg used on input line 82.
(pdftex.def)             Requested size: 303.53267pt x 232.01056pt.
 [13] [14 <./prevplots/e609planarity.jpg>]
<prevplots/ppiratiocentvsperiph.JPG, id=107, 534.99875pt x 291.0875pt>
File: prevplots/ppiratiocentvsperiph.JPG Graphic file (type jpg)

<use prevplots/ppiratiocentvsperiph.JPG>
Package pdftex.def Info: prevplots/ppiratiocentvsperiph.JPG used on input line 
97.
(pdftex.def)             Requested size: 303.53267pt x 165.15762pt.

<prevplots/Rcpcentvsperiph.jpg, id=108, 680.5425pt x 273.02pt>
File: prevplots/Rcpcentvsperiph.jpg Graphic file (type jpg)

<use prevplots/Rcpcentvsperiph.jpg>
Package pdftex.def Info: prevplots/Rcpcentvsperiph.jpg used on input line 103.
(pdftex.def)             Requested size: 346.89731pt x 139.16753pt.
 [15 <./Figures/FSIscattering.jpg>] [16]
[17 <./prevplots/ppiratiocentvsperiph.JPG> <./prevplots/Rcpcentvsperiph.jpg>]
<prevplots/piyieldrecomb.JPG, id=120, 407.27156pt x 312.41719pt>
File: prevplots/piyieldrecomb.JPG Graphic file (type jpg)

<use prevplots/piyieldrecomb.JPG>
Package pdftex.def Info: prevplots/piyieldrecomb.JPG used on input line 123.
(pdftex.def)             Requested size: 138.76157pt x 106.44449pt.

<prevplots/kyieldrecomb.JPG, id=121, 402.00188pt x 317.68687pt>
File: prevplots/kyieldrecomb.JPG Graphic file (type jpg)

<use prevplots/kyieldrecomb.JPG>
Package pdftex.def Info: prevplots/kyieldrecomb.JPG used on input line 129.
(pdftex.def)             Requested size: 138.76157pt x 109.6554pt.

<prevplots/pyieldrecomb.JPG, id=122, 404.26031pt x 304.88907pt>
File: prevplots/pyieldrecomb.JPG Graphic file (type jpg)

<use prevplots/pyieldrecomb.JPG>
Package pdftex.def Info: prevplots/pyieldrecomb.JPG used on input line 135.
(pdftex.def)             Requested size: 138.76157pt x 104.65182pt.

<prevplots/ppiratiorecomb.JPG, id=123, 420.06938pt x 314.67563pt>
File: prevplots/ppiratiorecomb.JPG Graphic file (type jpg)

<use prevplots/ppiratiorecomb.JPG>
Package pdftex.def Info: prevplots/ppiratiorecomb.JPG used on input line 141.
(pdftex.def)             Requested size: 216.81pt x 162.41266pt.

<Figures/fragmentationdiag.JPG, id=124, 338.01282pt x 232.61906pt>
File: Figures/fragmentationdiag.JPG Graphic file (type jpg)

<use Figures/fragmentationdiag.JPG>
Package pdftex.def Info: Figures/fragmentationdiag.JPG used on input line 151.
(pdftex.def)             Requested size: 216.81pt x 149.21288pt.
 [18] [19 <./prevplots/piyieldrecomb.JPG> <./prevplots/kyieldrecomb.JPG> <./pre
vplots/pyieldrecomb.JPG> <./prevplots/ppiratiorecomb.JPG>] [20 <./Figures/fragm
entationdiag.JPG>]
<prevplots/pPbflowLHC.JPG, id=135, 411.78844pt x 213.04594pt>
File: prevplots/pPbflowLHC.JPG Graphic file (type jpg)

<use prevplots/pPbflowLHC.JPG>
Package pdftex.def Info: prevplots/pPbflowLHC.JPG used on input line 163.
(pdftex.def)             Requested size: 303.53267pt x 157.03711pt.
 [21 <./prevplots/pPbflowLHC.JPG>]
<prevplots/dAvsAAratios.JPG, id=139, 505.89pt x 370.38374pt>
File: prevplots/dAvsAAratios.JPG Graphic file (type jpg)

<use prevplots/dAvsAAratios.JPG>
Package pdftex.def Info: prevplots/dAvsAAratios.JPG used on input line 176.
(pdftex.def)             Requested size: 303.53267pt x 222.23195pt.
 [22 <./prevplots/dAvsAAratios.JPG>]
<prevplots/daurecomb.JPG, id=143, 310.91156pt x 238.64156pt>
File: prevplots/daurecomb.JPG Graphic file (type jpg)

<use prevplots/daurecomb.JPG>
Package pdftex.def Info: prevplots/daurecomb.JPG used on input line 187.
(pdftex.def)             Requested size: 216.81pt x 166.41434pt.
) (Apparatus.tex [23] [24 <./prevplots/daurecomb.JPG>]
Chapter 3.
<Figures/RHIC-aerial-HR.jpg, id=151, 308.352pt x 186.39638pt>
File: Figures/RHIC-aerial-HR.jpg Graphic file (type jpg)

<use Figures/RHIC-aerial-HR.jpg>
Package pdftex.def Info: Figures/RHIC-aerial-HR.jpg used on input line 10.
(pdftex.def)             Requested size: 260.17464pt x 157.27722pt.
 [25

 <./Figures/RHIC-aerial-HR.jpg>]
<Figures/RHICdiagram.JPG, id=155, 437.38406pt x 310.15875pt>
File: Figures/RHICdiagram.JPG Graphic file (type jpg)

<use Figures/RHICdiagram.JPG>
Package pdftex.def Info: Figures/RHICdiagram.JPG used on input line 20.
(pdftex.def)             Requested size: 346.89731pt x 245.9929pt.
 [26 <./Figures/RHICdiagram.JPG>] [27]
<Figures/Phenix_2008.jpg, id=162, 579.16376pt x 753.81625pt>
File: Figures/Phenix_2008.jpg Graphic file (type jpg)

<use Figures/Phenix_2008.jpg>
Package pdftex.def Info: Figures/Phenix_2008.jpg used on input line 37.
(pdftex.def)             Requested size: 346.89731pt x 451.5111pt.
 [28] [29 <./Figures/Phenix_2008.jpg>] [30]
<Figures/dcdiagram.jpg, id=173, 809.0225pt x 582.175pt>
File: Figures/dcdiagram.jpg Graphic file (type jpg)

<use Figures/dcdiagram.jpg>
Package pdftex.def Info: Figures/dcdiagram.jpg used on input line 52.
(pdftex.def)             Requested size: 260.17464pt x 187.22366pt.
 <Figures/PC1.jpg, id=174, 672.5125pt x 471.7625pt>
File: Figures/PC1.jpg Graphic file (type jpg)

<use Figures/PC1.jpg>
Package pdftex.def Info: Figures/PC1.jpg used on input line 61.
(pdftex.def)             Requested size: 303.53267pt x 212.92462pt.
 [31] [32 <./Figures/dcdiagram.jpg>]
<Figures/TOFEschematic.jpg, id=181, 730.73pt x 552.0625pt>
File: Figures/TOFEschematic.jpg Graphic file (type jpg)

<use Figures/TOFEschematic.jpg>
Package pdftex.def Info: Figures/TOFEschematic.jpg used on input line 73.
(pdftex.def)             Requested size: 346.89731pt x 262.08078pt.
 [33 <./Figures/PC1.jpg>] [34 <./Figures/TOFEschematic.jpg>] <Figures/TOFEcarto
on.jpg, id=188, 938.50626pt x 294.09875pt>
File: Figures/TOFEcartoon.jpg Graphic file (type jpg)

<use Figures/TOFEcartoon.jpg>
Package pdftex.def Info: Figures/TOFEcartoon.jpg used on input line 89.
(pdftex.def)             Requested size: 346.89731pt x 108.70712pt.
 [35 <./Figures/TOFEcartoon.jpg>]
<Figures/RPClayers.jpg, id=192, 447.6725pt x 181.67876pt>
File: Figures/RPClayers.jpg Graphic file (type jpg)

<use Figures/RPClayers.jpg>
Package pdftex.def Info: Figures/RPClayers.jpg used on input line 99.
(pdftex.def)             Requested size: 346.89731pt x 140.7857pt.
 [36 <./Figures/RPClayers.jpg>]
<Figures/MRPC_TOFW.jpg, id=197, 921.4425pt x 443.6575pt>
File: Figures/MRPC_TOFW.jpg Graphic file (type jpg)

<use Figures/MRPC_TOFW.jpg>
Package pdftex.def Info: Figures/MRPC_TOFW.jpg used on input line 109.
(pdftex.def)             Requested size: 346.89731pt x 167.02103pt.
 [37 <./Figures/MRPC_TOFW.jpg>]
<Figures/ACCschematic.jpg, id=201, 937.5025pt x 369.38pt>
File: Figures/ACCschematic.jpg Graphic file (type jpg)

<use Figures/ACCschematic.jpg>
Package pdftex.def Info: Figures/ACCschematic.jpg used on input line 126.
(pdftex.def)             Requested size: 346.89731pt x 136.67409pt.
 [38]
<Figures/aerogelchannel.JPG, id=205, 655.69969pt x 221.32687pt>
File: Figures/aerogelchannel.JPG Graphic file (type jpg)

<use Figures/aerogelchannel.JPG>
Package pdftex.def Info: Figures/aerogelchannel.JPG used on input line 136.
(pdftex.def)             Requested size: 346.89731pt x 117.09328pt.

<Figures/accrange.jpg, id=206, 813.0375pt x 429.605pt>
File: Figures/accrange.jpg Graphic file (type jpg)

<use Figures/accrange.jpg>
Package pdftex.def Info: Figures/accrange.jpg used on input line 146.
(pdftex.def)             Requested size: 346.89731pt x 183.2975pt.


LaTeX Warning: `!h' float specifier changed to `!ht'.

[39 <./Figures/ACCschematic.jpg>] [40 <./Figures/aerogelchannel.JPG> <./Figures
/accrange.jpg>] <Figures/RICHdiagram.jpg, id=213, 782.925pt x 448.67625pt>
File: Figures/RICHdiagram.jpg Graphic file (type jpg)

<use Figures/RICHdiagram.jpg>
Package pdftex.def Info: Figures/RICHdiagram.jpg used on input line 159.
(pdftex.def)             Requested size: 346.89731pt x 198.8011pt.


LaTeX Warning: `!h' float specifier changed to `!ht'.

<Figures/PbScschematic.jpg, id=214, 663.47874pt x 269.005pt>
File: Figures/PbScschematic.jpg Graphic file (type jpg)

<use Figures/PbScschematic.jpg>
Package pdftex.def Info: Figures/PbScschematic.jpg used on input line 169.
(pdftex.def)             Requested size: 216.81pt x 87.90582pt.

<Figures/PbGlmodules.jpg, id=215, 665.48625pt x 465.74pt>
File: Figures/PbGlmodules.jpg Graphic file (type jpg)

<use Figures/PbGlmodules.jpg>
Package pdftex.def Info: Figures/PbGlmodules.jpg used on input line 175.
(pdftex.def)             Requested size: 260.17464pt x 182.08559pt.

<Figures/pbglsupermodule.JPG, id=216, 445.665pt x 335.75438pt>
File: Figures/pbglsupermodule.JPG Graphic file (type jpg)

<use Figures/pbglsupermodule.JPG>
Package pdftex.def Info: Figures/pbglsupermodule.JPG used on input line 181.
(pdftex.def)             Requested size: 260.17464pt x 196.00822pt.
 [41] [42 <./Figures/RICHdiagram.jpg>]
[43 <./Figures/PbScschematic.jpg> <./Figures/PbGlmodules.jpg> <./Figures/pbglsu
permodule.JPG>] <Figures/ERT.jpg, id=227, 508.90125pt x 340.27126pt>
File: Figures/ERT.jpg Graphic file (type jpg)

<use Figures/ERT.jpg>
Package pdftex.def Info: Figures/ERT.jpg used on input line 198.
(pdftex.def)             Requested size: 216.81pt x 144.96902pt.

<Figures/bbcrender.JPG, id=228, 359.09157pt x 271.76532pt>
File: Figures/bbcrender.JPG Graphic file (type jpg)

<use Figures/bbcrender.JPG>
Package pdftex.def Info: Figures/bbcrender.JPG used on input line 213.
(pdftex.def)             Requested size: 173.44534pt x 131.26692pt.

<Figures/bbcsinglechannel.JPG, id=229, 355.3275pt x 266.49562pt>
File: Figures/bbcsinglechannel.JPG Graphic file (type jpg)

<use Figures/bbcsinglechannel.JPG>
Package pdftex.def Info: Figures/bbcsinglechannel.JPG used on input line 218.
(pdftex.def)             Requested size: 173.44534pt x 130.08789pt.
 [44 <./Figures/ERT.jpg>] [45 <./Figures/bbcrender.JPG> <./Figures/bbcsinglecha
nnel.JPG>]
<prevplots/bbczdcanaresponse.JPG, id=236, 375.65344pt x 245.41687pt>
File: prevplots/bbczdcanaresponse.JPG Graphic file (type jpg)

<use prevplots/bbczdcanaresponse.JPG>
Package pdftex.def Info: prevplots/bbczdcanaresponse.JPG used on input line 240
.
(pdftex.def)             Requested size: 216.81pt x 141.64536pt.
 [46 <./prevplots/bbczdcanaresponse.JPG>]
<Figures/mpcschematic.JPG, id=240, 383.18156pt x 503.63156pt>
File: Figures/mpcschematic.JPG Graphic file (type jpg)

<use Figures/mpcschematic.JPG>
Package pdftex.def Info: Figures/mpcschematic.JPG used on input line 251.
(pdftex.def)             Requested size: 303.53267pt x 398.96349pt.
 [47 <./Figures/mpcschematic.JPG>]
<Figures/RXNPschem.jpg, id=244, 938.50626pt x 348.30125pt>
File: Figures/RXNPschem.jpg Graphic file (type jpg)

<use Figures/RXNPschem.jpg>
Package pdftex.def Info: Figures/RXNPschem.jpg used on input line 262.
(pdftex.def)             Requested size: 303.53267pt x 112.64383pt.
 [48 <./Figures/RXNPschem.jpg>] [49]
<Figures/DAQ.jpg, id=252, 721.19438pt x 387.69844pt>
File: Figures/DAQ.jpg Graphic file (type jpg)
 <use Figures/DAQ.jpg>
Package pdftex.def Info: Figures/DAQ.jpg used on input line 275.
(pdftex.def)             Requested size: 433.62pt x 233.10594pt.


LaTeX Warning: `!h' float specifier changed to `!ht'.

[50]) (HICollisions.tex [51 <./Figures/DAQ.jpg>]
Chapter 4.
[52

] [53]
<Figures/spectatorsvsparticipants.jpg, id=265, 702.625pt x 284.06125pt>
File: Figures/spectatorsvsparticipants.jpg Graphic file (type jpg)

<use Figures/spectatorsvsparticipants.jpg>
Package pdftex.def Info: Figures/spectatorsvsparticipants.jpg used on input lin
e 16.
(pdftex.def)             Requested size: 433.62pt x 175.30994pt.

<Figures/centralvsperipheral.jpg, id=266, 1104.125pt x 612.2875pt>
File: Figures/centralvsperipheral.jpg Graphic file (type jpg)

<use Figures/centralvsperipheral.jpg>
Package pdftex.def Info: Figures/centralvsperipheral.jpg used on input line 21.

(pdftex.def)             Requested size: 433.62pt x 240.46352pt.
 [54] [55 <./Figures/spectatorsvsparticipants.jpg> <./Figures/centralvsperipher
al.jpg>]
<Figures/BBCevtchar.JPG, id=274, 781.41937pt x 295.85532pt>
File: Figures/BBCevtchar.JPG Graphic file (type jpg)

<use Figures/BBCevtchar.JPG>
Package pdftex.def Info: Figures/BBCevtchar.JPG used on input line 45.
(pdftex.def)             Requested size: 433.62pt x 164.17455pt.

<evtQA/zvtxdist.JPG, id=275, 341.02406pt x 292.09125pt>
File: evtQA/zvtxdist.JPG Graphic file (type jpg)

<use evtQA/zvtxdist.JPG>
Package pdftex.def Info: evtQA/zvtxdist.JPG used on input line 54.
(pdftex.def)             Requested size: 216.81pt x 185.70317pt.
 [56] [57 <./Figures/BBCevtchar.JPG> <./evtQA/zvtxdist.JPG>] [58]
<Figures/houghtransformcartoon.JPG, id=285, 426.84468pt x 326.72063pt>
File: Figures/houghtransformcartoon.JPG Graphic file (type jpg)

<use Figures/houghtransformcartoon.JPG>
Package pdftex.def Info: Figures/houghtransformcartoon.JPG used on input line 6
9.
(pdftex.def)             Requested size: 303.53267pt x 232.34715pt.

<evtQA/trackqualitydist.JPG, id=286, 405.01312pt x 365.86688pt>
File: evtQA/trackqualitydist.JPG Graphic file (type jpg)

<use evtQA/trackqualitydist.JPG>
Package pdftex.def Info: evtQA/trackqualitydist.JPG used on input line 77.
(pdftex.def)             Requested size: 216.81pt x 195.85687pt.

<Figures/pc3tofmatching.JPG, id=287, 579.66562pt x 446.41782pt>
File: Figures/pc3tofmatching.JPG Graphic file (type jpg)

<use Figures/pc3tofmatching.JPG>
Package pdftex.def Info: Figures/pc3tofmatching.JPG used on input line 87.
(pdftex.def)             Requested size: 390.25534pt x 300.54929pt.
 [59 <./Figures/houghtransformcartoon.JPG>]
[60 <./evtQA/trackqualitydist.JPG>] [61 <./Figures/pc3tofmatching.JPG>]
<Figures/tofchargemom.JPG, id=298, 426.84468pt x 400.49625pt>
File: Figures/tofchargemom.JPG Graphic file (type jpg)

<use Figures/tofchargemom.JPG>
Package pdftex.def Info: Figures/tofchargemom.JPG used on input line 99.
(pdftex.def)             Requested size: 303.53267pt x 284.81265pt.
 [62 <./Figures/tofchargemom.JPG>]
<Figures/m2tofvspt.jpg, id=302, 427.5975pt x 395.22656pt>
File: Figures/m2tofvspt.jpg Graphic file (type jpg)

<use Figures/m2tofvspt.jpg>
Package pdftex.def Info: Figures/m2tofvspt.jpg used on input line 126.
(pdftex.def)             Requested size: 303.53267pt x 280.5525pt.
 [63] [64 <./Figures/m2tofvspt.jpg>]) (Flow.tex
Chapter 5.
[65

] [66] <Figures/fouriercosines.jpg, id=317, 521.7894pt x 321.1197pt>
File: Figures/fouriercosines.jpg Graphic file (type jpg)

<use Figures/fouriercosines.jpg>
Package pdftex.def Info: Figures/fouriercosines.jpg used on input line 47.
(pdftex.def)             Requested size: 346.89731pt x 213.488pt.
 [67 <./Figures/fouriercosines.jpg>] [68])
(EventPlane.tex
Chapter 6.
<Figures/Flow_Plane.jpg, id=324, 424.2249pt x 291.9708pt>
File: Figures/Flow_Plane.jpg Graphic file (type jpg)

<use Figures/Flow_Plane.jpg>
Package pdftex.def Info: Figures/Flow_Plane.jpg used on input line 10.
(pdftex.def)             Requested size: 303.53267pt x 208.90454pt.

<Figures/flowcartoon.jpg, id=325, 534.65297pt x 347.57277pt>
File: Figures/flowcartoon.jpg Graphic file (type jpg)

<use Figures/flowcartoon.jpg>
Package pdftex.def Info: Figures/flowcartoon.jpg used on input line 15.
(pdftex.def)             Requested size: 303.53267pt x 197.32831pt.


LaTeX Warning: Float too large for page by 13.96156pt on input line 21.

[69

] [70 <./Figures/Flow_Plane.jpg> <./Figures/flowcartoon.jpg>]
<Figures/reactionplaneexpcartoon.jpg, id=332, 776.9025pt x 283.0575pt>
File: Figures/reactionplaneexpcartoon.jpg Graphic file (type jpg)

<use Figures/reactionplaneexpcartoon.jpg>
Package pdftex.def Info: Figures/reactionplaneexpcartoon.jpg used on input line
 29.
(pdftex.def)             Requested size: 433.62pt x 157.9885pt.
 [71 <./Figures/reactionplaneexpcartoon.jpg>] <EPflattening/flatbbcn.jpg, id=33
6, 999.735pt x 975.645pt>
File: EPflattening/flatbbcn.jpg Graphic file (type jpg)

<use EPflattening/flatbbcn.jpg>
Package pdftex.def Info: EPflattening/flatbbcn.jpg used on input line 46.
(pdftex.def)             Requested size: 173.44534pt x 169.2666pt.

<EPflattening/flatbbcs.jpg, id=337, 999.735pt x 975.645pt>
File: EPflattening/flatbbcs.jpg Graphic file (type jpg)

<use EPflattening/flatbbcs.jpg>
Package pdftex.def Info: EPflattening/flatbbcs.jpg used on input line 49.
(pdftex.def)             Requested size: 173.44534pt x 169.2666pt.

<EPflattening/flatmpcn.jpg, id=338, 999.735pt x 975.645pt>
File: EPflattening/flatmpcn.jpg Graphic file (type jpg)

<use EPflattening/flatmpcn.jpg>
Package pdftex.def Info: EPflattening/flatmpcn.jpg used on input line 52.
(pdftex.def)             Requested size: 173.44534pt x 169.2666pt.

<EPflattening/flatmpcs.jpg, id=339, 999.735pt x 975.645pt>
File: EPflattening/flatmpcs.jpg Graphic file (type jpg)

<use EPflattening/flatmpcs.jpg>
Package pdftex.def Info: EPflattening/flatmpcs.jpg used on input line 55.
(pdftex.def)             Requested size: 173.44534pt x 169.2666pt.

<EPflattening/flatrxncmbn.jpg, id=340, 999.735pt x 975.645pt>
File: EPflattening/flatrxncmbn.jpg Graphic file (type jpg)

<use EPflattening/flatrxncmbn.jpg>
Package pdftex.def Info: EPflattening/flatrxncmbn.jpg used on input line 58.
(pdftex.def)             Requested size: 173.44534pt x 169.2666pt.

<EPflattening/flatrxncmbs.jpg, id=341, 999.735pt x 975.645pt>
File: EPflattening/flatrxncmbs.jpg Graphic file (type jpg)

<use EPflattening/flatrxncmbs.jpg>
Package pdftex.def Info: EPflattening/flatrxncmbs.jpg used on input line 61.
(pdftex.def)             Requested size: 173.44534pt x 169.2666pt.
 [72] [73 <./EPflattening/flatbbcn.jpg> <./EPflattening/flatbbcs.jpg> <./EPflat
tening/flatmpcn.jpg> <./EPflattening/flatmpcs.jpg> <./EPflattening/flatrxncmbn.
jpg> <./EPflattening/flatrxncmbs.jpg>]
[74]) (Results.tex [75]
Chapter 7.
[76

] <chargedtrackv2/rawtrackv2_bbcNS.jpg, id=359, 999.735pt x 975.645pt>
File: chargedtrackv2/rawtrackv2_bbcNS.jpg Graphic file (type jpg)

<use chargedtrackv2/rawtrackv2_bbcNS.jpg>
Package pdftex.def Info: chargedtrackv2/rawtrackv2_bbcNS.jpg used on input line
 20.
(pdftex.def)             Requested size: 303.53267pt x 296.20912pt.
 [77] [78 <./chargedtrackv2/rawtrackv2_bbcNS.jpg>] [79

] <hiptfits/nphotvsm2.jpg, id=373, 4813.985pt x 1577.895pt>
File: hiptfits/nphotvsm2.jpg Graphic file (type jpg)

<use hiptfits/nphotvsm2.jpg>
Package pdftex.def Info: hiptfits/nphotvsm2.jpg used on input line 49.
(pdftex.def)             Requested size: 433.62pt x 142.1248pt.
 [80] [81 <./hiptfits/nphotvsm2.jpg>]
<v2all.jpg, id=380, 3007.235pt x 1979.395pt>
File: v2all.jpg Graphic file (type jpg)
 <use v2all.jpg>
Package pdftex.def Info: v2all.jpg used on input line 65.
(pdftex.def)             Requested size: 433.62pt x 285.38905pt.
 [82] [83 <./v2all.jpg>]) (Systematics.tex
Chapter 8.
[84

] [85] [86] <evtQA/CentSysErrs.jpg, id=397, 3007.235pt x 1979.395pt>
File: evtQA/CentSysErrs.jpg Graphic file (type jpg)

<use evtQA/CentSysErrs.jpg>
Package pdftex.def Info: evtQA/CentSysErrs.jpg used on input line 42.
(pdftex.def)             Requested size: 346.89731pt x 228.3052pt.
 [87] [88 <./evtQA/CentSysErrs.jpg>] [89]
<evtQA/ttofwdist.JPG, id=407, 356.83313pt x 352.31625pt>
File: evtQA/ttofwdist.JPG Graphic file (type jpg)

<use evtQA/ttofwdist.JPG>
Package pdftex.def Info: evtQA/ttofwdist.JPG used on input line 70.
(pdftex.def)             Requested size: 303.53267pt x 299.70676pt.

<evtQA/deltattofwdist.jpg, id=408, 606.265pt x 542.025pt>
File: evtQA/deltattofwdist.jpg Graphic file (type jpg)

<use evtQA/deltattofwdist.jpg>
Package pdftex.def Info: evtQA/deltattofwdist.jpg used on input line 78.
(pdftex.def)             Requested size: 303.53267pt x 271.37573pt.
 [90 <./evtQA/ttofwdist.JPG>] [91 <./evtQA/deltattofwdist.jpg>] [92] [93] [94] 
[95]
<evtQA/plusminusstudy.jpg, id=428, 4010.985pt x 5994.395pt>
File: evtQA/plusminusstudy.jpg Graphic file (type jpg)

<use evtQA/plusminusstudy.jpg>
Package pdftex.def Info: evtQA/plusminusstudy.jpg used on input line 110.
(pdftex.def)             Requested size: 433.62pt x 648.0436pt.

Underfull \hbox (badness 10000) in paragraph at lines 109--112
[][][][]
 []


LaTeX Warning: Float too large for page by 142.22205pt on input line 112.


LaTeX Warning: No positions in optional float specifier.
               Default added (so using `tbp') on input line 116.

LaTeX Font Info:    Try loading font information for OML+cmr on input line 131.

("C:\Program Files (x86)\MiKTeX 2.9\tex\latex\base\omlcmr.fd"
File: omlcmr.fd 2014/09/29 v2.5h Standard LaTeX font definitions
)
LaTeX Font Info:    Font shape `OML/cmr/m/n' in size <10.95> not available
(Font)              Font shape `OML/cmm/m/it' tried instead on input line 131.

Overfull \vbox (59.13188pt too high) has occurred while \output is active []


[96]
Overfull \vbox (59.13188pt too high) has occurred while \output is active []


[97 <./evtQA/plusminusstudy.jpg>]) (Conclusions.tex
Chapter 9.

Overfull \vbox (59.13188pt too high) has occurred while \output is active []


[98

]) (appendix_coords.tex
Appendix A.
<Figures/coord2.jpg, id=439, 607.26875pt x 570.13pt>
File: Figures/coord2.jpg Graphic file (type jpg)
 <use Figures/coord2.jpg>
Package pdftex.def Info: Figures/coord2.jpg used on input line 6.
(pdftex.def)             Requested size: 303.53267pt x 284.97731pt.

Overfull \vbox (59.13188pt too high) has occurred while \output is active []


[99

 <./Figures/coord2.jpg>]) (appendix_nuclmodfact.tex
Overfull \vbox (59.13188pt too high) has occurred while \output is active []


[100]
Appendix B.

Overfull \vbox (59.13188pt too high) has occurred while \output is active []


[101

]) (appendix_cuts.tex
Overfull \vbox (59.13188pt too high) has occurred while \output is active []


[102]
Appendix C.
) (appendix_data.tex
Overfull \vbox (59.13188pt too high) has occurred while \output is active []


[103

]
*geometry* verbose mode - [ newgeometry ] result:
* driver: pdftex
* paper: letterpaper
* layout: <same size as paper>
* layoutoffset:(h,v)=(0.0pt,0.0pt)
* modes: 
* h-part:(L,W,R)=(92.14519pt, 430.00462pt, 92.14519pt)
* v-part:(T,H,B)=(56.9055pt, 642.66711pt, 95.39737pt)
* \paperwidth=614.295pt
* \paperheight=794.96999pt
* \textwidth=430.00462pt
* \textheight=642.66711pt
* \oddsidemargin=19.8752pt
* \evensidemargin=19.8752pt
* \topmargin=-52.36449pt
* \headheight=12.0pt
* \headsep=25.0pt
* \topskip=11.0pt
* \footskip=30.0pt
* \marginparwidth=0.0pt
* \marginparsep=10.0pt
* \columnsep=10.0pt
* \skip\footins=10.0pt plus 4.0pt minus 2.0pt
* \hoffset=0.0pt
* \voffset=0.0pt
* \mag=1000
* \@twocolumnfalse
* \@twosidefalse
* \@mparswitchfalse
* \@reversemarginfalse
* (1in=72.27pt=25.4mm, 1cm=28.453pt)


Appendix D.
<chargedtrackv2/htrkdphi2bbcs_0.jpg, id=456, 3007.235pt x 3986.895pt>
File: chargedtrackv2/htrkdphi2bbcs_0.jpg Graphic file (type jpg)

<use chargedtrackv2/htrkdphi2bbcs_0.jpg>
Package pdftex.def Info: chargedtrackv2/htrkdphi2bbcs_0.jpg used on input line 
10.
(pdftex.def)             Requested size: 430.00462pt x 570.08517pt.
 [104


]
Overfull \vbox (131.53938pt too high) has occurred while \output is active []


[105 <./chargedtrackv2/htrkdphi2bbcs_0.jpg>]
<chargedtrackv2/htrkdphi2bbcs_1.jpg, id=463, 3007.235pt x 3986.895pt>
File: chargedtrackv2/htrkdphi2bbcs_1.jpg Graphic file (type jpg)

<use chargedtrackv2/htrkdphi2bbcs_1.jpg>
Package pdftex.def Info: chargedtrackv2/htrkdphi2bbcs_1.jpg used on input line 
18.
(pdftex.def)             Requested size: 430.00462pt x 570.08517pt.

<chargedtrackv2/htrkdphi2bbcs_2.jpg, id=464, 3007.235pt x 3986.895pt>
File: chargedtrackv2/htrkdphi2bbcs_2.jpg Graphic file (type jpg)

<use chargedtrackv2/htrkdphi2bbcs_2.jpg>
Package pdftex.def Info: chargedtrackv2/htrkdphi2bbcs_2.jpg used on input line 
25.
(pdftex.def)             Requested size: 430.00462pt x 570.08517pt.

Overfull \vbox (5.61812pt too high) has occurred while \output is active []


[106 <./chargedtrackv2/htrkdphi2bbcs_1.jpg>]
<chargedtrackv2/htrkdphi2bbcs_3.jpg, id=468, 3007.235pt x 3986.895pt>
File: chargedtrackv2/htrkdphi2bbcs_3.jpg Graphic file (type jpg)

<use chargedtrackv2/htrkdphi2bbcs_3.jpg>
Package pdftex.def Info: chargedtrackv2/htrkdphi2bbcs_3.jpg used on input line 
32.
(pdftex.def)             Requested size: 430.00462pt x 570.08517pt.

Overfull \vbox (5.61812pt too high) has occurred while \output is active []


[107 <./chargedtrackv2/htrkdphi2bbcs_2.jpg>]
Overfull \vbox (5.61812pt too high) has occurred while \output is active []


[108 <./chargedtrackv2/htrkdphi2bbcs_3.jpg>]
<lowptfits/yieldvsdphi_tof1_cent0_ch0_pT-5-7.jpg, id=476, 6018.485pt x 3986.895
pt>
File: lowptfits/yieldvsdphi_tof1_cent0_ch0_pT-5-7.jpg Graphic file (type jpg)
 <use lowptfits/yieldvsdphi_tof1_cent0_ch0_pT-5-7.jpg>
Package pdftex.def Info: lowptfits/yieldvsdphi_tof1_cent0_ch0_pT-5-7.jpg used o
n input line 43.
(pdftex.def)             Requested size: 430.00462pt x 284.82967pt.

<lowptfits/fitParams_tof1_cent0_ch0_pT-5-7.jpg, id=477, 3007.235pt x 1979.395pt
>
File: lowptfits/fitParams_tof1_cent0_ch0_pT-5-7.jpg Graphic file (type jpg)
 <use lowptfits/fitParams_tof1_cent0_ch0_pT-5-7.jpg>
Package pdftex.def Info: lowptfits/fitParams_tof1_cent0_ch0_pT-5-7.jpg used on 
input line 46.
(pdftex.def)             Requested size: 430.00462pt x 283.03322pt.

Overfull \vbox (87.3112pt too high) has occurred while \output is active []


[109 <./lowptfits/yieldvsdphi_tof1_cent0_ch0_pT-5-7.jpg> <./lowptfits/fitParams
_tof1_cent0_ch0_pT-5-7.jpg>]
<lowptfits/yieldvsdphi_tof1_cent0_ch0_pT-7-9.jpg, id=481, 6018.485pt x 3986.895
pt>
File: lowptfits/yieldvsdphi_tof1_cent0_ch0_pT-7-9.jpg Graphic file (type jpg)
 <use lowptfits/yieldvsdphi_tof1_cent0_ch0_pT-7-9.jpg>
Package pdftex.def Info: lowptfits/yieldvsdphi_tof1_cent0_ch0_pT-7-9.jpg used o
n input line 56.
(pdftex.def)             Requested size: 430.00462pt x 284.82967pt.

<lowptfits/fitParams_tof1_cent0_ch0_pT-7-9.jpg, id=482, 3007.235pt x 1979.395pt
>
File: lowptfits/fitParams_tof1_cent0_ch0_pT-7-9.jpg Graphic file (type jpg)
 <use lowptfits/fitParams_tof1_cent0_ch0_pT-7-9.jpg>
Package pdftex.def Info: lowptfits/fitParams_tof1_cent0_ch0_pT-7-9.jpg used on 
input line 59.
(pdftex.def)             Requested size: 430.00462pt x 283.03322pt.

<lowptfits/yieldvsdphi_tof1_cent0_ch0_pT-9-11.jpg, id=483, 6018.485pt x 3986.89
5pt>
File: lowptfits/yieldvsdphi_tof1_cent0_ch0_pT-9-11.jpg Graphic file (type jpg)
 <use lowptfits/yieldvsdphi_tof1_cent0_ch0_pT-9-11.jpg>
Package pdftex.def Info: lowptfits/yieldvsdphi_tof1_cent0_ch0_pT-9-11.jpg used 
on input line 69.
(pdftex.def)             Requested size: 430.00462pt x 284.82967pt.

<lowptfits/fitParams_tof1_cent0_ch0_pT-9-11.jpg, id=484, 3007.235pt x 1979.395p
t>
File: lowptfits/fitParams_tof1_cent0_ch0_pT-9-11.jpg Graphic file (type jpg)
 <use lowptfits/fitParams_tof1_cent0_ch0_pT-9-11.jpg>
Package pdftex.def Info: lowptfits/fitParams_tof1_cent0_ch0_pT-9-11.jpg used on
 input line 72.
(pdftex.def)             Requested size: 430.00462pt x 283.03322pt.
 [110 <./lowptfits/yieldvsdphi_tof1_cent0_ch0_pT-7-9.jpg> <./lowptfits/fitParam
s_tof1_cent0_ch0_pT-7-9.jpg>]
<lowptfits/yieldvsdphi_tof1_cent0_ch0_pT-11-13.jpg, id=488, 6018.485pt x 3986.8
95pt>
File: lowptfits/yieldvsdphi_tof1_cent0_ch0_pT-11-13.jpg Graphic file (type jpg)

 <use lowptfits/yieldvsdphi_tof1_cent0_ch0_pT-11-13.jpg>
Package pdftex.def Info: lowptfits/yieldvsdphi_tof1_cent0_ch0_pT-11-13.jpg used
 on input line 82.
(pdftex.def)             Requested size: 430.00462pt x 284.82967pt.

<lowptfits/fitParams_tof1_cent0_ch0_pT-11-13.jpg, id=489, 3007.235pt x 1979.395
pt>
File: lowptfits/fitParams_tof1_cent0_ch0_pT-11-13.jpg Graphic file (type jpg)
 <use lowptfits/fitParams_tof1_cent0_ch0_pT-11-13.jpg>
Package pdftex.def Info: lowptfits/fitParams_tof1_cent0_ch0_pT-11-13.jpg used o
n input line 85.
(pdftex.def)             Requested size: 430.00462pt x 283.03322pt.
 [111 <./lowptfits/yieldvsdphi_tof1_cent0_ch0_pT-9-11.jpg> <./lowptfits/fitPara
ms_tof1_cent0_ch0_pT-9-11.jpg>]
<lowptfits/yieldvsdphi_tof1_cent0_ch1_pT-5-7.jpg, id=493, 6018.485pt x 3986.895
pt>
File: lowptfits/yieldvsdphi_tof1_cent0_ch1_pT-5-7.jpg Graphic file (type jpg)
 <use lowptfits/yieldvsdphi_tof1_cent0_ch1_pT-5-7.jpg>
Package pdftex.def Info: lowptfits/yieldvsdphi_tof1_cent0_ch1_pT-5-7.jpg used o
n input line 97.
(pdftex.def)             Requested size: 430.00462pt x 284.82967pt.

<lowptfits/fitParams_tof1_cent0_ch1_pT-5-7.jpg, id=494, 3007.235pt x 1979.395pt
>
File: lowptfits/fitParams_tof1_cent0_ch1_pT-5-7.jpg Graphic file (type jpg)
 <use lowptfits/fitParams_tof1_cent0_ch1_pT-5-7.jpg>
Package pdftex.def Info: lowptfits/fitParams_tof1_cent0_ch1_pT-5-7.jpg used on 
input line 100.
(pdftex.def)             Requested size: 430.00462pt x 283.03322pt.
 [112 <./lowptfits/yieldvsdphi_tof1_cent0_ch0_pT-11-13.jpg> <./lowptfits/fitPar
ams_tof1_cent0_ch0_pT-11-13.jpg>]
Overfull \vbox (40.46768pt too high) has occurred while \output is active []


[113 <./lowptfits/yieldvsdphi_tof1_cent0_ch1_pT-5-7.jpg> <./lowptfits/fitParams
_tof1_cent0_ch1_pT-5-7.jpg>]
<lowptfits/yieldvsdphi_tof1_cent0_ch1_pT-7-9.jpg, id=501, 6018.485pt x 3986.895
pt>
File: lowptfits/yieldvsdphi_tof1_cent0_ch1_pT-7-9.jpg Graphic file (type jpg)
 <use lowptfits/yieldvsdphi_tof1_cent0_ch1_pT-7-9.jpg>
Package pdftex.def Info: lowptfits/yieldvsdphi_tof1_cent0_ch1_pT-7-9.jpg used o
n input line 110.
(pdftex.def)             Requested size: 430.00462pt x 284.82967pt.

<lowptfits/fitParams_tof1_cent0_ch1_pT-7-9.jpg, id=502, 3007.235pt x 1979.395pt
>
File: lowptfits/fitParams_tof1_cent0_ch1_pT-7-9.jpg Graphic file (type jpg)
 <use lowptfits/fitParams_tof1_cent0_ch1_pT-7-9.jpg>
Package pdftex.def Info: lowptfits/fitParams_tof1_cent0_ch1_pT-7-9.jpg used on 
input line 113.
(pdftex.def)             Requested size: 430.00462pt x 283.03322pt.

<lowptfits/yieldvsdphi_tof1_cent0_ch1_pT-9-11.jpg, id=503, 6018.485pt x 3986.89
5pt>
File: lowptfits/yieldvsdphi_tof1_cent0_ch1_pT-9-11.jpg Graphic file (type jpg)
 <use lowptfits/yieldvsdphi_tof1_cent0_ch1_pT-9-11.jpg>
Package pdftex.def Info: lowptfits/yieldvsdphi_tof1_cent0_ch1_pT-9-11.jpg used 
on input line 123.
(pdftex.def)             Requested size: 430.00462pt x 284.82967pt.

<lowptfits/fitParams_tof1_cent0_ch1_pT-9-11.jpg, id=504, 3007.235pt x 1979.395p
t>
File: lowptfits/fitParams_tof1_cent0_ch1_pT-9-11.jpg Graphic file (type jpg)
 <use lowptfits/fitParams_tof1_cent0_ch1_pT-9-11.jpg>
Package pdftex.def Info: lowptfits/fitParams_tof1_cent0_ch1_pT-9-11.jpg used on
 input line 126.
(pdftex.def)             Requested size: 430.00462pt x 283.03322pt.
 [114 <./lowptfits/yieldvsdphi_tof1_cent0_ch1_pT-7-9.jpg> <./lowptfits/fitParam
s_tof1_cent0_ch1_pT-7-9.jpg>]
<lowptfits/yieldvsdphi_tof1_cent0_ch1_pT-11-13.jpg, id=509, 6018.485pt x 3986.8
95pt>
File: lowptfits/yieldvsdphi_tof1_cent0_ch1_pT-11-13.jpg Graphic file (type jpg)

 <use lowptfits/yieldvsdphi_tof1_cent0_ch1_pT-11-13.jpg>
Package pdftex.def Info: lowptfits/yieldvsdphi_tof1_cent0_ch1_pT-11-13.jpg used
 on input line 136.
(pdftex.def)             Requested size: 430.00462pt x 284.82967pt.

<lowptfits/fitParams_tof1_cent0_ch1_pT-11-13.jpg, id=510, 3007.235pt x 1979.395
pt>
File: lowptfits/fitParams_tof1_cent0_ch1_pT-11-13.jpg Graphic file (type jpg)
 <use lowptfits/fitParams_tof1_cent0_ch1_pT-11-13.jpg>
Package pdftex.def Info: lowptfits/fitParams_tof1_cent0_ch1_pT-11-13.jpg used o
n input line 139.
(pdftex.def)             Requested size: 430.00462pt x 283.03322pt.
 [115 <./lowptfits/yieldvsdphi_tof1_cent0_ch1_pT-9-11.jpg> <./lowptfits/fitPara
ms_tof1_cent0_ch1_pT-9-11.jpg>]
<lowptfits/yieldvsdphi_tof1_cent0_ch0_pT-13-15.jpg, id=514, 6018.485pt x 3986.8
95pt>
File: lowptfits/yieldvsdphi_tof1_cent0_ch0_pT-13-15.jpg Graphic file (type jpg)

 <use lowptfits/yieldvsdphi_tof1_cent0_ch0_pT-13-15.jpg>
Package pdftex.def Info: lowptfits/yieldvsdphi_tof1_cent0_ch0_pT-13-15.jpg used
 on input line 152.
(pdftex.def)             Requested size: 430.00462pt x 284.82967pt.

<lowptfits/fitParams_tof1_cent0_ch0_pT-13-15.jpg, id=515, 3007.235pt x 1979.395
pt>
File: lowptfits/fitParams_tof1_cent0_ch0_pT-13-15.jpg Graphic file (type jpg)
 <use lowptfits/fitParams_tof1_cent0_ch0_pT-13-15.jpg>
Package pdftex.def Info: lowptfits/fitParams_tof1_cent0_ch0_pT-13-15.jpg used o
n input line 155.
(pdftex.def)             Requested size: 430.00462pt x 283.03322pt.
 [116 <./lowptfits/yieldvsdphi_tof1_cent0_ch1_pT-11-13.jpg> <./lowptfits/fitPar
ams_tof1_cent0_ch1_pT-11-13.jpg>]
Overfull \vbox (40.46768pt too high) has occurred while \output is active []


[117 <./lowptfits/yieldvsdphi_tof1_cent0_ch0_pT-13-15.jpg> <./lowptfits/fitPara
ms_tof1_cent0_ch0_pT-13-15.jpg>]
<lowptfits/yieldvsdphi_tof1_cent0_ch0_pT-15-17.jpg, id=522, 6018.485pt x 3986.8
95pt>
File: lowptfits/yieldvsdphi_tof1_cent0_ch0_pT-15-17.jpg Graphic file (type jpg)

 <use lowptfits/yieldvsdphi_tof1_cent0_ch0_pT-15-17.jpg>
Package pdftex.def Info: lowptfits/yieldvsdphi_tof1_cent0_ch0_pT-15-17.jpg used
 on input line 165.
(pdftex.def)             Requested size: 430.00462pt x 284.82967pt.

<lowptfits/fitParams_tof1_cent0_ch0_pT-15-17.jpg, id=523, 3007.235pt x 1979.395
pt>
File: lowptfits/fitParams_tof1_cent0_ch0_pT-15-17.jpg Graphic file (type jpg)
 <use lowptfits/fitParams_tof1_cent0_ch0_pT-15-17.jpg>
Package pdftex.def Info: lowptfits/fitParams_tof1_cent0_ch0_pT-15-17.jpg used o
n input line 168.
(pdftex.def)             Requested size: 430.00462pt x 283.03322pt.

<lowptfits/yieldvsdphi_tof1_cent0_ch0_pT-17-19.jpg, id=524, 6018.485pt x 3986.8
95pt>
File: lowptfits/yieldvsdphi_tof1_cent0_ch0_pT-17-19.jpg Graphic file (type jpg)

 <use lowptfits/yieldvsdphi_tof1_cent0_ch0_pT-17-19.jpg>
Package pdftex.def Info: lowptfits/yieldvsdphi_tof1_cent0_ch0_pT-17-19.jpg used
 on input line 178.
(pdftex.def)             Requested size: 430.00462pt x 284.82967pt.

<lowptfits/fitParams_tof1_cent0_ch0_pT-17-19.jpg, id=525, 3007.235pt x 1979.395
pt>
File: lowptfits/fitParams_tof1_cent0_ch0_pT-17-19.jpg Graphic file (type jpg)
 <use lowptfits/fitParams_tof1_cent0_ch0_pT-17-19.jpg>
Package pdftex.def Info: lowptfits/fitParams_tof1_cent0_ch0_pT-17-19.jpg used o
n input line 181.
(pdftex.def)             Requested size: 430.00462pt x 283.03322pt.
 [118 <./lowptfits/yieldvsdphi_tof1_cent0_ch0_pT-15-17.jpg> <./lowptfits/fitPar
ams_tof1_cent0_ch0_pT-15-17.jpg>]
<lowptfits/yieldvsdphi_tof1_cent0_ch0_pT-19-21.jpg, id=529, 6018.485pt x 3986.8
95pt>
File: lowptfits/yieldvsdphi_tof1_cent0_ch0_pT-19-21.jpg Graphic file (type jpg)

 <use lowptfits/yieldvsdphi_tof1_cent0_ch0_pT-19-21.jpg>
Package pdftex.def Info: lowptfits/yieldvsdphi_tof1_cent0_ch0_pT-19-21.jpg used
 on input line 191.
(pdftex.def)             Requested size: 430.00462pt x 284.82967pt.

<lowptfits/fitParams_tof1_cent0_ch0_pT-19-21.jpg, id=530, 3007.235pt x 1979.395
pt>
File: lowptfits/fitParams_tof1_cent0_ch0_pT-19-21.jpg Graphic file (type jpg)
 <use lowptfits/fitParams_tof1_cent0_ch0_pT-19-21.jpg>
Package pdftex.def Info: lowptfits/fitParams_tof1_cent0_ch0_pT-19-21.jpg used o
n input line 194.
(pdftex.def)             Requested size: 430.00462pt x 283.03322pt.
 [119 <./lowptfits/yieldvsdphi_tof1_cent0_ch0_pT-17-19.jpg> <./lowptfits/fitPar
ams_tof1_cent0_ch0_pT-17-19.jpg>]
<lowptfits/yieldvsdphi_tof1_cent0_ch1_pT-13-15.jpg, id=534, 6018.485pt x 3986.8
95pt>
File: lowptfits/yieldvsdphi_tof1_cent0_ch1_pT-13-15.jpg Graphic file (type jpg)

 <use lowptfits/yieldvsdphi_tof1_cent0_ch1_pT-13-15.jpg>
Package pdftex.def Info: lowptfits/yieldvsdphi_tof1_cent0_ch1_pT-13-15.jpg used
 on input line 206.
(pdftex.def)             Requested size: 430.00462pt x 284.82967pt.

<lowptfits/fitParams_tof1_cent0_ch1_pT-13-15.jpg, id=535, 3007.235pt x 1979.395
pt>
File: lowptfits/fitParams_tof1_cent0_ch1_pT-13-15.jpg Graphic file (type jpg)
 <use lowptfits/fitParams_tof1_cent0_ch1_pT-13-15.jpg>
Package pdftex.def Info: lowptfits/fitParams_tof1_cent0_ch1_pT-13-15.jpg used o
n input line 209.
(pdftex.def)             Requested size: 430.00462pt x 283.03322pt.
 [120 <./lowptfits/yieldvsdphi_tof1_cent0_ch0_pT-19-21.jpg> <./lowptfits/fitPar
ams_tof1_cent0_ch0_pT-19-21.jpg>]
Overfull \vbox (7.20517pt too high) has occurred while \output is active []


[121 <./lowptfits/yieldvsdphi_tof1_cent0_ch1_pT-13-15.jpg> <./lowptfits/fitPara
ms_tof1_cent0_ch1_pT-13-15.jpg>]
<lowptfits/yieldvsdphi_tof1_cent0_ch1_pT-15-17.jpg, id=543, 6018.485pt x 3986.8
95pt>
File: lowptfits/yieldvsdphi_tof1_cent0_ch1_pT-15-17.jpg Graphic file (type jpg)

 <use lowptfits/yieldvsdphi_tof1_cent0_ch1_pT-15-17.jpg>
Package pdftex.def Info: lowptfits/yieldvsdphi_tof1_cent0_ch1_pT-15-17.jpg used
 on input line 219.
(pdftex.def)             Requested size: 430.00462pt x 284.82967pt.

<lowptfits/fitParams_tof1_cent0_ch1_pT-15-17.jpg, id=544, 3007.235pt x 1979.395
pt>
File: lowptfits/fitParams_tof1_cent0_ch1_pT-15-17.jpg Graphic file (type jpg)
 <use lowptfits/fitParams_tof1_cent0_ch1_pT-15-17.jpg>
Package pdftex.def Info: lowptfits/fitParams_tof1_cent0_ch1_pT-15-17.jpg used o
n input line 222.
(pdftex.def)             Requested size: 430.00462pt x 283.03322pt.

<lowptfits/yieldvsdphi_tof1_cent0_ch1_pT-17-19.jpg, id=545, 6018.485pt x 3986.8
95pt>
File: lowptfits/yieldvsdphi_tof1_cent0_ch1_pT-17-19.jpg Graphic file (type jpg)

 <use lowptfits/yieldvsdphi_tof1_cent0_ch1_pT-17-19.jpg>
Package pdftex.def Info: lowptfits/yieldvsdphi_tof1_cent0_ch1_pT-17-19.jpg used
 on input line 232.
(pdftex.def)             Requested size: 430.00462pt x 284.82967pt.

<lowptfits/fitParams_tof1_cent0_ch1_pT-17-19.jpg, id=546, 3007.235pt x 1979.395
pt>
File: lowptfits/fitParams_tof1_cent0_ch1_pT-17-19.jpg Graphic file (type jpg)
 <use lowptfits/fitParams_tof1_cent0_ch1_pT-17-19.jpg>
Package pdftex.def Info: lowptfits/fitParams_tof1_cent0_ch1_pT-17-19.jpg used o
n input line 235.
(pdftex.def)             Requested size: 430.00462pt x 283.03322pt.
 [122 <./lowptfits/yieldvsdphi_tof1_cent0_ch1_pT-15-17.jpg> <./lowptfits/fitPar
ams_tof1_cent0_ch1_pT-15-17.jpg>]
<lowptfits/yieldvsdphi_tof1_cent0_ch1_pT-19-21.jpg, id=550, 6018.485pt x 3986.8
95pt>
File: lowptfits/yieldvsdphi_tof1_cent0_ch1_pT-19-21.jpg Graphic file (type jpg)

 <use lowptfits/yieldvsdphi_tof1_cent0_ch1_pT-19-21.jpg>
Package pdftex.def Info: lowptfits/yieldvsdphi_tof1_cent0_ch1_pT-19-21.jpg used
 on input line 245.
(pdftex.def)             Requested size: 430.00462pt x 284.82967pt.

<lowptfits/fitParams_tof1_cent0_ch1_pT-19-21.jpg, id=551, 3007.235pt x 1979.395
pt>
File: lowptfits/fitParams_tof1_cent0_ch1_pT-19-21.jpg Graphic file (type jpg)
 <use lowptfits/fitParams_tof1_cent0_ch1_pT-19-21.jpg>
Package pdftex.def Info: lowptfits/fitParams_tof1_cent0_ch1_pT-19-21.jpg used o
n input line 248.
(pdftex.def)             Requested size: 430.00462pt x 283.03322pt.
 [123 <./lowptfits/yieldvsdphi_tof1_cent0_ch1_pT-17-19.jpg> <./lowptfits/fitPar
ams_tof1_cent0_ch1_pT-17-19.jpg>]
<hiptfits/neg/PSaccthreshold_cent0_ich0_accfire0_ptbin8.jpg, id=555, 6018.485pt
 x 3986.895pt>
File: hiptfits/neg/PSaccthreshold_cent0_ich0_accfire0_ptbin8.jpg Graphic file (
type jpg)

<use hiptfits/neg/PSaccthreshold_cent0_ich0_accfire0_ptbin8.jpg>
Package pdftex.def Info: hiptfits/neg/PSaccthreshold_cent0_ich0_accfire0_ptbin8
.jpg used on input line 260.
(pdftex.def)             Requested size: 430.00462pt x 284.82967pt.

<hiptfits/neg/PSm2_cent0_ich0_accfire0_ptbin8.jpg, id=556, 6018.485pt x 3986.89
5pt>
File: hiptfits/neg/PSm2_cent0_ich0_accfire0_ptbin8.jpg Graphic file (type jpg)
 <use hiptfits/neg/PSm2_cent0_ich0_accfire0_ptbin8.jpg>
Package pdftex.def Info: hiptfits/neg/PSm2_cent0_ich0_accfire0_ptbin8.jpg used 
on input line 267.
(pdftex.def)             Requested size: 430.00462pt x 284.82967pt.

<hiptfits/neg/PSm2_cent0_ich0_accfire1_ptbin8.jpg, id=557, 6018.485pt x 3986.89
5pt>
File: hiptfits/neg/PSm2_cent0_ich0_accfire1_ptbin8.jpg Graphic file (type jpg)
 <use hiptfits/neg/PSm2_cent0_ich0_accfire1_ptbin8.jpg>
Package pdftex.def Info: hiptfits/neg/PSm2_cent0_ich0_accfire1_ptbin8.jpg used 
on input line 271.
(pdftex.def)             Requested size: 430.00462pt x 284.82967pt.
 [124 <./lowptfits/yieldvsdphi_tof1_cent0_ch1_pT-19-21.jpg> <./lowptfits/fitPar
ams_tof1_cent0_ch1_pT-19-21.jpg>]
<hiptfits/neg/fitParams_tof2_cent0_ch0_pT-21-23.jpg, id=561, 3007.235pt x 1979.
395pt>
File: hiptfits/neg/fitParams_tof2_cent0_ch0_pT-21-23.jpg Graphic file (type jpg
)
 <use hiptfits/neg/fitParams_tof2_cent0_ch0_pT-21-23.jpg>
Package pdftex.def Info: hiptfits/neg/fitParams_tof2_cent0_ch0_pT-21-23.jpg use
d on input line 279.
(pdftex.def)             Requested size: 430.00462pt x 283.03322pt.

<hiptfits/neg/fitParams_tof3_cent0_ch0_pT-21-23.jpg, id=562, 3007.235pt x 1979.
395pt>
File: hiptfits/neg/fitParams_tof3_cent0_ch0_pT-21-23.jpg Graphic file (type jpg
)
 <use hiptfits/neg/fitParams_tof3_cent0_ch0_pT-21-23.jpg>
Package pdftex.def Info: hiptfits/neg/fitParams_tof3_cent0_ch0_pT-21-23.jpg use
d on input line 283.
(pdftex.def)             Requested size: 430.00462pt x 283.03322pt.
 [125 <./hiptfits/neg/PSaccthreshold_cent0_ich0_accfire0_ptbin8.jpg>] [126 <./h
iptfits/neg/PSm2_cent0_ich0_accfire0_ptbin8.jpg> <./hiptfits/neg/PSm2_cent0_ich
0_accfire1_ptbin8.jpg>]
Overfull \vbox (16.79942pt too high) has occurred while \output is active []


[127 <./hiptfits/neg/fitParams_tof2_cent0_ch0_pT-21-23.jpg> <./hiptfits/neg/fit
Params_tof3_cent0_ch0_pT-21-23.jpg>]
<hiptfits/neg/PSaccthreshold_cent0_ich0_accfire0_ptbin9.jpg, id=574, 6018.485pt
 x 3986.895pt>
File: hiptfits/neg/PSaccthreshold_cent0_ich0_accfire0_ptbin9.jpg Graphic file (
type jpg)

<use hiptfits/neg/PSaccthreshold_cent0_ich0_accfire0_ptbin9.jpg>
Package pdftex.def Info: hiptfits/neg/PSaccthreshold_cent0_ich0_accfire0_ptbin9
.jpg used on input line 295.
(pdftex.def)             Requested size: 430.00462pt x 284.82967pt.

<hiptfits/neg/PSm2_cent0_ich0_accfire0_ptbin9.jpg, id=575, 6018.485pt x 3986.89
5pt>
File: hiptfits/neg/PSm2_cent0_ich0_accfire0_ptbin9.jpg Graphic file (type jpg)
 <use hiptfits/neg/PSm2_cent0_ich0_accfire0_ptbin9.jpg>
Package pdftex.def Info: hiptfits/neg/PSm2_cent0_ich0_accfire0_ptbin9.jpg used 
on input line 302.
(pdftex.def)             Requested size: 430.00462pt x 284.82967pt.

<hiptfits/neg/PSm2_cent0_ich0_accfire1_ptbin9.jpg, id=576, 6018.485pt x 3986.89
5pt>
File: hiptfits/neg/PSm2_cent0_ich0_accfire1_ptbin9.jpg Graphic file (type jpg)
 <use hiptfits/neg/PSm2_cent0_ich0_accfire1_ptbin9.jpg>
Package pdftex.def Info: hiptfits/neg/PSm2_cent0_ich0_accfire1_ptbin9.jpg used 
on input line 306.
(pdftex.def)             Requested size: 430.00462pt x 284.82967pt.

<hiptfits/neg/fitParams_tof2_cent0_ch0_pT-23-25.jpg, id=577, 3007.235pt x 1979.
395pt>
File: hiptfits/neg/fitParams_tof2_cent0_ch0_pT-23-25.jpg Graphic file (type jpg
)
 <use hiptfits/neg/fitParams_tof2_cent0_ch0_pT-23-25.jpg>
Package pdftex.def Info: hiptfits/neg/fitParams_tof2_cent0_ch0_pT-23-25.jpg use
d on input line 313.
(pdftex.def)             Requested size: 430.00462pt x 283.03322pt.

<hiptfits/neg/fitParams_tof3_cent0_ch0_pT-23-25.jpg, id=578, 3007.235pt x 1979.
395pt>
File: hiptfits/neg/fitParams_tof3_cent0_ch0_pT-23-25.jpg Graphic file (type jpg
)
 <use hiptfits/neg/fitParams_tof3_cent0_ch0_pT-23-25.jpg>
Package pdftex.def Info: hiptfits/neg/fitParams_tof3_cent0_ch0_pT-23-25.jpg use
d on input line 317.
(pdftex.def)             Requested size: 430.00462pt x 283.03322pt.
 [128 <./hiptfits/neg/PSaccthreshold_cent0_ich0_accfire0_ptbin9.jpg>] [129 <./h
iptfits/neg/PSm2_cent0_ich0_accfire0_ptbin9.jpg> <./hiptfits/neg/PSm2_cent0_ich
0_accfire1_ptbin9.jpg>]
Overfull \vbox (16.79942pt too high) has occurred while \output is active []


[130 <./hiptfits/neg/fitParams_tof2_cent0_ch0_pT-23-25.jpg> <./hiptfits/neg/fit
Params_tof3_cent0_ch0_pT-23-25.jpg>]
<hiptfits/neg/PSaccthreshold_cent0_ich0_accfire0_ptbin10.jpg, id=588, 6018.485p
t x 3986.895pt>
File: hiptfits/neg/PSaccthreshold_cent0_ich0_accfire0_ptbin10.jpg Graphic file 
(type jpg)

<use hiptfits/neg/PSaccthreshold_cent0_ich0_accfire0_ptbin10.jpg>
Package pdftex.def Info: hiptfits/neg/PSaccthreshold_cent0_ich0_accfire0_ptbin1
0.jpg used on input line 329.
(pdftex.def)             Requested size: 430.00462pt x 284.82967pt.

<hiptfits/neg/PSm2_cent0_ich0_accfire0_ptbin10.jpg, id=589, 6018.485pt x 3986.8
95pt>
File: hiptfits/neg/PSm2_cent0_ich0_accfire0_ptbin10.jpg Graphic file (type jpg)

 <use hiptfits/neg/PSm2_cent0_ich0_accfire0_ptbin10.jpg>
Package pdftex.def Info: hiptfits/neg/PSm2_cent0_ich0_accfire0_ptbin10.jpg used
 on input line 336.
(pdftex.def)             Requested size: 430.00462pt x 284.82967pt.

<hiptfits/neg/PSm2_cent0_ich0_accfire1_ptbin10.jpg, id=590, 6018.485pt x 3986.8
95pt>
File: hiptfits/neg/PSm2_cent0_ich0_accfire1_ptbin10.jpg Graphic file (type jpg)

 <use hiptfits/neg/PSm2_cent0_ich0_accfire1_ptbin10.jpg>
Package pdftex.def Info: hiptfits/neg/PSm2_cent0_ich0_accfire1_ptbin10.jpg used
 on input line 340.
(pdftex.def)             Requested size: 430.00462pt x 284.82967pt.

<hiptfits/neg/fitParams_tof2_cent0_ch0_pT-25-27.jpg, id=591, 3007.235pt x 1979.
395pt>
File: hiptfits/neg/fitParams_tof2_cent0_ch0_pT-25-27.jpg Graphic file (type jpg
)
 <use hiptfits/neg/fitParams_tof2_cent0_ch0_pT-25-27.jpg>
Package pdftex.def Info: hiptfits/neg/fitParams_tof2_cent0_ch0_pT-25-27.jpg use
d on input line 347.
(pdftex.def)             Requested size: 430.00462pt x 283.03322pt.

<hiptfits/neg/fitParams_tof3_cent0_ch0_pT-25-27.jpg, id=592, 3007.235pt x 1979.
395pt>
File: hiptfits/neg/fitParams_tof3_cent0_ch0_pT-25-27.jpg Graphic file (type jpg
)
 <use hiptfits/neg/fitParams_tof3_cent0_ch0_pT-25-27.jpg>
Package pdftex.def Info: hiptfits/neg/fitParams_tof3_cent0_ch0_pT-25-27.jpg use
d on input line 351.
(pdftex.def)             Requested size: 430.00462pt x 283.03322pt.
 [131 <./hiptfits/neg/PSaccthreshold_cent0_ich0_accfire0_ptbin10.jpg>] [132 <./
hiptfits/neg/PSm2_cent0_ich0_accfire0_ptbin10.jpg> <./hiptfits/neg/PSm2_cent0_i
ch0_accfire1_ptbin10.jpg>]
Overfull \vbox (16.79942pt too high) has occurred while \output is active []


[133 <./hiptfits/neg/fitParams_tof2_cent0_ch0_pT-25-27.jpg> <./hiptfits/neg/fit
Params_tof3_cent0_ch0_pT-25-27.jpg>]
<hiptfits/neg/PSaccthreshold_cent0_ich0_accfire0_ptbin11.jpg, id=603, 6018.485p
t x 3986.895pt>
File: hiptfits/neg/PSaccthreshold_cent0_ich0_accfire0_ptbin11.jpg Graphic file 
(type jpg)

<use hiptfits/neg/PSaccthreshold_cent0_ich0_accfire0_ptbin11.jpg>
Package pdftex.def Info: hiptfits/neg/PSaccthreshold_cent0_ich0_accfire0_ptbin1
1.jpg used on input line 362.
(pdftex.def)             Requested size: 430.00462pt x 284.82967pt.

<hiptfits/neg/PSm2_cent0_ich0_accfire0_ptbin11.jpg, id=604, 6018.485pt x 3986.8
95pt>
File: hiptfits/neg/PSm2_cent0_ich0_accfire0_ptbin11.jpg Graphic file (type jpg)

 <use hiptfits/neg/PSm2_cent0_ich0_accfire0_ptbin11.jpg>
Package pdftex.def Info: hiptfits/neg/PSm2_cent0_ich0_accfire0_ptbin11.jpg used
 on input line 369.
(pdftex.def)             Requested size: 430.00462pt x 284.82967pt.

<hiptfits/neg/PSm2_cent0_ich0_accfire1_ptbin11.jpg, id=605, 6018.485pt x 3986.8
95pt>
File: hiptfits/neg/PSm2_cent0_ich0_accfire1_ptbin11.jpg Graphic file (type jpg)

 <use hiptfits/neg/PSm2_cent0_ich0_accfire1_ptbin11.jpg>
Package pdftex.def Info: hiptfits/neg/PSm2_cent0_ich0_accfire1_ptbin11.jpg used
 on input line 373.
(pdftex.def)             Requested size: 430.00462pt x 284.82967pt.

<hiptfits/neg/fitParams_tof2_cent0_ch0_pT-27-29.jpg, id=606, 3007.235pt x 1979.
395pt>
File: hiptfits/neg/fitParams_tof2_cent0_ch0_pT-27-29.jpg Graphic file (type jpg
)
 <use hiptfits/neg/fitParams_tof2_cent0_ch0_pT-27-29.jpg>
Package pdftex.def Info: hiptfits/neg/fitParams_tof2_cent0_ch0_pT-27-29.jpg use
d on input line 380.
(pdftex.def)             Requested size: 430.00462pt x 283.03322pt.

<hiptfits/neg/fitParams_tof3_cent0_ch0_pT-27-29.jpg, id=607, 3007.235pt x 1979.
395pt>
File: hiptfits/neg/fitParams_tof3_cent0_ch0_pT-27-29.jpg Graphic file (type jpg
)
 <use hiptfits/neg/fitParams_tof3_cent0_ch0_pT-27-29.jpg>
Package pdftex.def Info: hiptfits/neg/fitParams_tof3_cent0_ch0_pT-27-29.jpg use
d on input line 384.
(pdftex.def)             Requested size: 430.00462pt x 283.03322pt.
 [134 <./hiptfits/neg/PSaccthreshold_cent0_ich0_accfire0_ptbin11.jpg>] [135 <./
hiptfits/neg/PSm2_cent0_ich0_accfire0_ptbin11.jpg> <./hiptfits/neg/PSm2_cent0_i
ch0_accfire1_ptbin11.jpg>]
Overfull \vbox (16.79942pt too high) has occurred while \output is active []


[136 <./hiptfits/neg/fitParams_tof2_cent0_ch0_pT-27-29.jpg> <./hiptfits/neg/fit
Params_tof3_cent0_ch0_pT-27-29.jpg>]
<hiptfits/neg/PSaccthreshold_cent0_ich0_accfire0_ptbin12.jpg, id=617, 6018.485p
t x 3986.895pt>
File: hiptfits/neg/PSaccthreshold_cent0_ich0_accfire0_ptbin12.jpg Graphic file 
(type jpg)

<use hiptfits/neg/PSaccthreshold_cent0_ich0_accfire0_ptbin12.jpg>
Package pdftex.def Info: hiptfits/neg/PSaccthreshold_cent0_ich0_accfire0_ptbin1
2.jpg used on input line 396.
(pdftex.def)             Requested size: 430.00462pt x 284.82967pt.

<hiptfits/neg/PSm2_cent0_ich0_accfire0_ptbin12.jpg, id=618, 6018.485pt x 3986.8
95pt>
File: hiptfits/neg/PSm2_cent0_ich0_accfire0_ptbin12.jpg Graphic file (type jpg)

 <use hiptfits/neg/PSm2_cent0_ich0_accfire0_ptbin12.jpg>
Package pdftex.def Info: hiptfits/neg/PSm2_cent0_ich0_accfire0_ptbin12.jpg used
 on input line 403.
(pdftex.def)             Requested size: 430.00462pt x 284.82967pt.

<hiptfits/neg/PSm2_cent0_ich0_accfire1_ptbin12.jpg, id=619, 6018.485pt x 3986.8
95pt>
File: hiptfits/neg/PSm2_cent0_ich0_accfire1_ptbin12.jpg Graphic file (type jpg)

 <use hiptfits/neg/PSm2_cent0_ich0_accfire1_ptbin12.jpg>
Package pdftex.def Info: hiptfits/neg/PSm2_cent0_ich0_accfire1_ptbin12.jpg used
 on input line 407.
(pdftex.def)             Requested size: 430.00462pt x 284.82967pt.

<hiptfits/neg/fitParams_tof2_cent0_ch0_pT-30-35.jpg, id=620, 3007.235pt x 1979.
395pt>
File: hiptfits/neg/fitParams_tof2_cent0_ch0_pT-30-35.jpg Graphic file (type jpg
)
 <use hiptfits/neg/fitParams_tof2_cent0_ch0_pT-30-35.jpg>
Package pdftex.def Info: hiptfits/neg/fitParams_tof2_cent0_ch0_pT-30-35.jpg use
d on input line 414.
(pdftex.def)             Requested size: 430.00462pt x 283.03322pt.

<hiptfits/neg/fitParams_tof3_cent0_ch0_pT-30-35.jpg, id=621, 3007.235pt x 1979.
395pt>
File: hiptfits/neg/fitParams_tof3_cent0_ch0_pT-30-35.jpg Graphic file (type jpg
)
 <use hiptfits/neg/fitParams_tof3_cent0_ch0_pT-30-35.jpg>
Package pdftex.def Info: hiptfits/neg/fitParams_tof3_cent0_ch0_pT-30-35.jpg use
d on input line 418.
(pdftex.def)             Requested size: 430.00462pt x 283.03322pt.
 [137 <./hiptfits/neg/PSaccthreshold_cent0_ich0_accfire0_ptbin12.jpg>] [138 <./
hiptfits/neg/PSm2_cent0_ich0_accfire0_ptbin12.jpg> <./hiptfits/neg/PSm2_cent0_i
ch0_accfire1_ptbin12.jpg>]
Overfull \vbox (16.79942pt too high) has occurred while \output is active []


[139 <./hiptfits/neg/fitParams_tof2_cent0_ch0_pT-30-35.jpg> <./hiptfits/neg/fit
Params_tof3_cent0_ch0_pT-30-35.jpg>]
<hiptfits/neg/PSaccthreshold_cent0_ich0_accfire0_ptbin13.jpg, id=632, 6018.485p
t x 3986.895pt>
File: hiptfits/neg/PSaccthreshold_cent0_ich0_accfire0_ptbin13.jpg Graphic file 
(type jpg)

<use hiptfits/neg/PSaccthreshold_cent0_ich0_accfire0_ptbin13.jpg>
Package pdftex.def Info: hiptfits/neg/PSaccthreshold_cent0_ich0_accfire0_ptbin1
3.jpg used on input line 429.
(pdftex.def)             Requested size: 430.00462pt x 284.82967pt.

<hiptfits/neg/PSm2_cent0_ich0_accfire0_ptbin13.jpg, id=633, 6018.485pt x 3986.8
95pt>
File: hiptfits/neg/PSm2_cent0_ich0_accfire0_ptbin13.jpg Graphic file (type jpg)

 <use hiptfits/neg/PSm2_cent0_ich0_accfire0_ptbin13.jpg>
Package pdftex.def Info: hiptfits/neg/PSm2_cent0_ich0_accfire0_ptbin13.jpg used
 on input line 436.
(pdftex.def)             Requested size: 430.00462pt x 284.82967pt.
File: hiptfits/neg/PSm2_cent0_ich0_accfire0_ptbin13.jpg Graphic file (type jpg)


<use hiptfits/neg/PSm2_cent0_ich0_accfire0_ptbin13.jpg>
Package pdftex.def Info: hiptfits/neg/PSm2_cent0_ich0_accfire0_ptbin13.jpg used
 on input line 440.
(pdftex.def)             Requested size: 430.00462pt x 284.82967pt.

<hiptfits/neg/fitParams_tof2_cent0_ch0_pT-35-40.jpg, id=634, 3007.235pt x 1979.
395pt>
File: hiptfits/neg/fitParams_tof2_cent0_ch0_pT-35-40.jpg Graphic file (type jpg
)
 <use hiptfits/neg/fitParams_tof2_cent0_ch0_pT-35-40.jpg>
Package pdftex.def Info: hiptfits/neg/fitParams_tof2_cent0_ch0_pT-35-40.jpg use
d on input line 447.
(pdftex.def)             Requested size: 430.00462pt x 283.03322pt.

<hiptfits/neg/fitParams_tof3_cent0_ch0_pT-35-40.jpg, id=635, 3007.235pt x 1979.
395pt>
File: hiptfits/neg/fitParams_tof3_cent0_ch0_pT-35-40.jpg Graphic file (type jpg
)
 <use hiptfits/neg/fitParams_tof3_cent0_ch0_pT-35-40.jpg>
Package pdftex.def Info: hiptfits/neg/fitParams_tof3_cent0_ch0_pT-35-40.jpg use
d on input line 451.
(pdftex.def)             Requested size: 430.00462pt x 283.03322pt.
 [140 <./hiptfits/neg/PSaccthreshold_cent0_ich0_accfire0_ptbin13.jpg>] [141 <./
hiptfits/neg/PSm2_cent0_ich0_accfire0_ptbin13.jpg>]
Overfull \vbox (16.79942pt too high) has occurred while \output is active []


[142 <./hiptfits/neg/fitParams_tof2_cent0_ch0_pT-35-40.jpg> <./hiptfits/neg/fit
Params_tof3_cent0_ch0_pT-35-40.jpg>]
<hiptfits/neg/PSaccthreshold_cent0_ich0_accfire0_ptbin14.jpg, id=645, 6018.485p
t x 3986.895pt>
File: hiptfits/neg/PSaccthreshold_cent0_ich0_accfire0_ptbin14.jpg Graphic file 
(type jpg)

<use hiptfits/neg/PSaccthreshold_cent0_ich0_accfire0_ptbin14.jpg>
Package pdftex.def Info: hiptfits/neg/PSaccthreshold_cent0_ich0_accfire0_ptbin1
4.jpg used on input line 462.
(pdftex.def)             Requested size: 430.00462pt x 284.82967pt.

<hiptfits/neg/PSm2_cent0_ich0_accfire0_ptbin14.jpg, id=646, 6018.485pt x 3986.8
95pt>
File: hiptfits/neg/PSm2_cent0_ich0_accfire0_ptbin14.jpg Graphic file (type jpg)

 <use hiptfits/neg/PSm2_cent0_ich0_accfire0_ptbin14.jpg>
Package pdftex.def Info: hiptfits/neg/PSm2_cent0_ich0_accfire0_ptbin14.jpg used
 on input line 469.
(pdftex.def)             Requested size: 430.00462pt x 284.82967pt.

<hiptfits/neg/PSm2_cent0_ich0_accfire1_ptbin14.jpg, id=647, 6018.485pt x 3986.8
95pt>
File: hiptfits/neg/PSm2_cent0_ich0_accfire1_ptbin14.jpg Graphic file (type jpg)

 <use hiptfits/neg/PSm2_cent0_ich0_accfire1_ptbin14.jpg>
Package pdftex.def Info: hiptfits/neg/PSm2_cent0_ich0_accfire1_ptbin14.jpg used
 on input line 473.
(pdftex.def)             Requested size: 430.00462pt x 284.82967pt.

<hiptfits/neg/fitParams_tof2_cent0_ch0_pT-40-45.jpg, id=648, 3007.235pt x 1979.
395pt>
File: hiptfits/neg/fitParams_tof2_cent0_ch0_pT-40-45.jpg Graphic file (type jpg
)
 <use hiptfits/neg/fitParams_tof2_cent0_ch0_pT-40-45.jpg>
Package pdftex.def Info: hiptfits/neg/fitParams_tof2_cent0_ch0_pT-40-45.jpg use
d on input line 480.
(pdftex.def)             Requested size: 430.00462pt x 283.03322pt.

<hiptfits/neg/fitParams_tof3_cent0_ch0_pT-40-45.jpg, id=649, 3007.235pt x 1979.
395pt>
File: hiptfits/neg/fitParams_tof3_cent0_ch0_pT-40-45.jpg Graphic file (type jpg
)
 <use hiptfits/neg/fitParams_tof3_cent0_ch0_pT-40-45.jpg>
Package pdftex.def Info: hiptfits/neg/fitParams_tof3_cent0_ch0_pT-40-45.jpg use
d on input line 484.
(pdftex.def)             Requested size: 430.00462pt x 283.03322pt.
 [143 <./hiptfits/neg/PSaccthreshold_cent0_ich0_accfire0_ptbin14.jpg>] [144 <./
hiptfits/neg/PSm2_cent0_ich0_accfire0_ptbin14.jpg> <./hiptfits/neg/PSm2_cent0_i
ch0_accfire1_ptbin14.jpg>]
Overfull \vbox (16.79942pt too high) has occurred while \output is active []


[145 <./hiptfits/neg/fitParams_tof2_cent0_ch0_pT-40-45.jpg> <./hiptfits/neg/fit
Params_tof3_cent0_ch0_pT-40-45.jpg>]
<hiptfits/pos/PSaccthreshold_cent0_ich1_accfire0_ptbin8.jpg, id=660, 6018.485pt
 x 3986.895pt>
File: hiptfits/pos/PSaccthreshold_cent0_ich1_accfire0_ptbin8.jpg Graphic file (
type jpg)

<use hiptfits/pos/PSaccthreshold_cent0_ich1_accfire0_ptbin8.jpg>
Package pdftex.def Info: hiptfits/pos/PSaccthreshold_cent0_ich1_accfire0_ptbin8
.jpg used on input line 498.
(pdftex.def)             Requested size: 430.00462pt x 284.82967pt.

<hiptfits/pos/PSm2_cent0_ich1_accfire0_ptbin8.jpg, id=661, 6018.485pt x 3986.89
5pt>
File: hiptfits/pos/PSm2_cent0_ich1_accfire0_ptbin8.jpg Graphic file (type jpg)
 <use hiptfits/pos/PSm2_cent0_ich1_accfire0_ptbin8.jpg>
Package pdftex.def Info: hiptfits/pos/PSm2_cent0_ich1_accfire0_ptbin8.jpg used 
on input line 505.
(pdftex.def)             Requested size: 430.00462pt x 284.82967pt.

<hiptfits/pos/PSm2_cent0_ich1_accfire1_ptbin8.jpg, id=662, 6018.485pt x 3986.89
5pt>
File: hiptfits/pos/PSm2_cent0_ich1_accfire1_ptbin8.jpg Graphic file (type jpg)
 <use hiptfits/pos/PSm2_cent0_ich1_accfire1_ptbin8.jpg>
Package pdftex.def Info: hiptfits/pos/PSm2_cent0_ich1_accfire1_ptbin8.jpg used 
on input line 509.
(pdftex.def)             Requested size: 430.00462pt x 284.82967pt.

<hiptfits/pos/fitParams_tof2_cent0_ch1_pT-21-23.jpg, id=663, 3007.235pt x 1979.
395pt>
File: hiptfits/pos/fitParams_tof2_cent0_ch1_pT-21-23.jpg Graphic file (type jpg
)
 <use hiptfits/pos/fitParams_tof2_cent0_ch1_pT-21-23.jpg>
Package pdftex.def Info: hiptfits/pos/fitParams_tof2_cent0_ch1_pT-21-23.jpg use
d on input line 516.
(pdftex.def)             Requested size: 430.00462pt x 283.03322pt.

<hiptfits/pos/fitParams_tof3_cent0_ch1_pT-21-23.jpg, id=664, 3007.235pt x 1979.
395pt>
File: hiptfits/pos/fitParams_tof3_cent0_ch1_pT-21-23.jpg Graphic file (type jpg
)
 <use hiptfits/pos/fitParams_tof3_cent0_ch1_pT-21-23.jpg>
Package pdftex.def Info: hiptfits/pos/fitParams_tof3_cent0_ch1_pT-21-23.jpg use
d on input line 520.
(pdftex.def)             Requested size: 430.00462pt x 283.03322pt.
 [146 <./hiptfits/pos/PSaccthreshold_cent0_ich1_accfire0_ptbin8.jpg>] [147 <./h
iptfits/pos/PSm2_cent0_ich1_accfire0_ptbin8.jpg> <./hiptfits/pos/PSm2_cent0_ich
1_accfire1_ptbin8.jpg>]
Overfull \vbox (16.79942pt too high) has occurred while \output is active []


[148 <./hiptfits/pos/fitParams_tof2_cent0_ch1_pT-21-23.jpg> <./hiptfits/pos/fit
Params_tof3_cent0_ch1_pT-21-23.jpg>]
<hiptfits/pos/PSaccthreshold_cent0_ich1_accfire0_ptbin9.jpg, id=674, 6018.485pt
 x 3986.895pt>
File: hiptfits/pos/PSaccthreshold_cent0_ich1_accfire0_ptbin9.jpg Graphic file (
type jpg)

<use hiptfits/pos/PSaccthreshold_cent0_ich1_accfire0_ptbin9.jpg>
Package pdftex.def Info: hiptfits/pos/PSaccthreshold_cent0_ich1_accfire0_ptbin9
.jpg used on input line 532.
(pdftex.def)             Requested size: 430.00462pt x 284.82967pt.

<hiptfits/pos/PSm2_cent0_ich1_accfire0_ptbin9.jpg, id=675, 6018.485pt x 3986.89
5pt>
File: hiptfits/pos/PSm2_cent0_ich1_accfire0_ptbin9.jpg Graphic file (type jpg)
 <use hiptfits/pos/PSm2_cent0_ich1_accfire0_ptbin9.jpg>
Package pdftex.def Info: hiptfits/pos/PSm2_cent0_ich1_accfire0_ptbin9.jpg used 
on input line 539.
(pdftex.def)             Requested size: 430.00462pt x 284.82967pt.

<hiptfits/pos/PSm2_cent0_ich1_accfire1_ptbin9.jpg, id=676, 6018.485pt x 3986.89
5pt>
File: hiptfits/pos/PSm2_cent0_ich1_accfire1_ptbin9.jpg Graphic file (type jpg)
 <use hiptfits/pos/PSm2_cent0_ich1_accfire1_ptbin9.jpg>
Package pdftex.def Info: hiptfits/pos/PSm2_cent0_ich1_accfire1_ptbin9.jpg used 
on input line 543.
(pdftex.def)             Requested size: 430.00462pt x 284.82967pt.

<hiptfits/pos/fitParams_tof2_cent0_ch1_pT-23-25.jpg, id=677, 3007.235pt x 1979.
395pt>
File: hiptfits/pos/fitParams_tof2_cent0_ch1_pT-23-25.jpg Graphic file (type jpg
)
 <use hiptfits/pos/fitParams_tof2_cent0_ch1_pT-23-25.jpg>
Package pdftex.def Info: hiptfits/pos/fitParams_tof2_cent0_ch1_pT-23-25.jpg use
d on input line 550.
(pdftex.def)             Requested size: 430.00462pt x 283.03322pt.

<hiptfits/pos/fitParams_tof3_cent0_ch1_pT-23-25.jpg, id=678, 3007.235pt x 1979.
395pt>
File: hiptfits/pos/fitParams_tof3_cent0_ch1_pT-23-25.jpg Graphic file (type jpg
)
 <use hiptfits/pos/fitParams_tof3_cent0_ch1_pT-23-25.jpg>
Package pdftex.def Info: hiptfits/pos/fitParams_tof3_cent0_ch1_pT-23-25.jpg use
d on input line 554.
(pdftex.def)             Requested size: 430.00462pt x 283.03322pt.
 [149 <./hiptfits/pos/PSaccthreshold_cent0_ich1_accfire0_ptbin9.jpg>] [150 <./h
iptfits/pos/PSm2_cent0_ich1_accfire0_ptbin9.jpg> <./hiptfits/pos/PSm2_cent0_ich
1_accfire1_ptbin9.jpg>]
Overfull \vbox (16.79942pt too high) has occurred while \output is active []


[151 <./hiptfits/pos/fitParams_tof2_cent0_ch1_pT-23-25.jpg> <./hiptfits/pos/fit
Params_tof3_cent0_ch1_pT-23-25.jpg>]
<hiptfits/pos/PSaccthreshold_cent0_ich1_accfire0_ptbin10.jpg, id=689, 6018.485p
t x 3986.895pt>
File: hiptfits/pos/PSaccthreshold_cent0_ich1_accfire0_ptbin10.jpg Graphic file 
(type jpg)

<use hiptfits/pos/PSaccthreshold_cent0_ich1_accfire0_ptbin10.jpg>
Package pdftex.def Info: hiptfits/pos/PSaccthreshold_cent0_ich1_accfire0_ptbin1
0.jpg used on input line 566.
(pdftex.def)             Requested size: 430.00462pt x 284.82967pt.

<hiptfits/pos/PSm2_cent0_ich1_accfire0_ptbin10.jpg, id=690, 6018.485pt x 3986.8
95pt>
File: hiptfits/pos/PSm2_cent0_ich1_accfire0_ptbin10.jpg Graphic file (type jpg)

 <use hiptfits/pos/PSm2_cent0_ich1_accfire0_ptbin10.jpg>
Package pdftex.def Info: hiptfits/pos/PSm2_cent0_ich1_accfire0_ptbin10.jpg used
 on input line 573.
(pdftex.def)             Requested size: 430.00462pt x 284.82967pt.

<hiptfits/pos/PSm2_cent0_ich1_accfire1_ptbin10.jpg, id=691, 6018.485pt x 3986.8
95pt>
File: hiptfits/pos/PSm2_cent0_ich1_accfire1_ptbin10.jpg Graphic file (type jpg)

 <use hiptfits/pos/PSm2_cent0_ich1_accfire1_ptbin10.jpg>
Package pdftex.def Info: hiptfits/pos/PSm2_cent0_ich1_accfire1_ptbin10.jpg used
 on input line 577.
(pdftex.def)             Requested size: 430.00462pt x 284.82967pt.

<hiptfits/pos/fitParams_tof2_cent0_ch1_pT-25-27.jpg, id=692, 3007.235pt x 1979.
395pt>
File: hiptfits/pos/fitParams_tof2_cent0_ch1_pT-25-27.jpg Graphic file (type jpg
)
 <use hiptfits/pos/fitParams_tof2_cent0_ch1_pT-25-27.jpg>
Package pdftex.def Info: hiptfits/pos/fitParams_tof2_cent0_ch1_pT-25-27.jpg use
d on input line 584.
(pdftex.def)             Requested size: 430.00462pt x 283.03322pt.

<hiptfits/pos/fitParams_tof3_cent0_ch1_pT-25-27.jpg, id=693, 3007.235pt x 1979.
395pt>
File: hiptfits/pos/fitParams_tof3_cent0_ch1_pT-25-27.jpg Graphic file (type jpg
)
 <use hiptfits/pos/fitParams_tof3_cent0_ch1_pT-25-27.jpg>
Package pdftex.def Info: hiptfits/pos/fitParams_tof3_cent0_ch1_pT-25-27.jpg use
d on input line 588.
(pdftex.def)             Requested size: 430.00462pt x 283.03322pt.
 [152 <./hiptfits/pos/PSaccthreshold_cent0_ich1_accfire0_ptbin10.jpg>] [153 <./
hiptfits/pos/PSm2_cent0_ich1_accfire0_ptbin10.jpg> <./hiptfits/pos/PSm2_cent0_i
ch1_accfire1_ptbin10.jpg>]
Overfull \vbox (16.79942pt too high) has occurred while \output is active []


[154 <./hiptfits/pos/fitParams_tof2_cent0_ch1_pT-25-27.jpg> <./hiptfits/pos/fit
Params_tof3_cent0_ch1_pT-25-27.jpg>]
<hiptfits/pos/PSaccthreshold_cent0_ich1_accfire0_ptbin11.jpg, id=703, 6018.485p
t x 3986.895pt>
File: hiptfits/pos/PSaccthreshold_cent0_ich1_accfire0_ptbin11.jpg Graphic file 
(type jpg)

<use hiptfits/pos/PSaccthreshold_cent0_ich1_accfire0_ptbin11.jpg>
Package pdftex.def Info: hiptfits/pos/PSaccthreshold_cent0_ich1_accfire0_ptbin1
1.jpg used on input line 599.
(pdftex.def)             Requested size: 430.00462pt x 284.82967pt.

<hiptfits/pos/PSm2_cent0_ich1_accfire0_ptbin11.jpg, id=704, 6018.485pt x 3986.8
95pt>
File: hiptfits/pos/PSm2_cent0_ich1_accfire0_ptbin11.jpg Graphic file (type jpg)

 <use hiptfits/pos/PSm2_cent0_ich1_accfire0_ptbin11.jpg>
Package pdftex.def Info: hiptfits/pos/PSm2_cent0_ich1_accfire0_ptbin11.jpg used
 on input line 606.
(pdftex.def)             Requested size: 430.00462pt x 284.82967pt.

<hiptfits/pos/PSm2_cent0_ich1_accfire1_ptbin11.jpg, id=705, 6018.485pt x 3986.8
95pt>
File: hiptfits/pos/PSm2_cent0_ich1_accfire1_ptbin11.jpg Graphic file (type jpg)

 <use hiptfits/pos/PSm2_cent0_ich1_accfire1_ptbin11.jpg>
Package pdftex.def Info: hiptfits/pos/PSm2_cent0_ich1_accfire1_ptbin11.jpg used
 on input line 610.
(pdftex.def)             Requested size: 430.00462pt x 284.82967pt.

<hiptfits/pos/fitParams_tof2_cent0_ch1_pT-27-29.jpg, id=706, 3007.235pt x 1979.
395pt>
File: hiptfits/pos/fitParams_tof2_cent0_ch1_pT-27-29.jpg Graphic file (type jpg
)
 <use hiptfits/pos/fitParams_tof2_cent0_ch1_pT-27-29.jpg>
Package pdftex.def Info: hiptfits/pos/fitParams_tof2_cent0_ch1_pT-27-29.jpg use
d on input line 617.
(pdftex.def)             Requested size: 430.00462pt x 283.03322pt.

<hiptfits/pos/fitParams_tof3_cent0_ch1_pT-27-29.jpg, id=707, 3007.235pt x 1979.
395pt>
File: hiptfits/pos/fitParams_tof3_cent0_ch1_pT-27-29.jpg Graphic file (type jpg
)
 <use hiptfits/pos/fitParams_tof3_cent0_ch1_pT-27-29.jpg>
Package pdftex.def Info: hiptfits/pos/fitParams_tof3_cent0_ch1_pT-27-29.jpg use
d on input line 621.
(pdftex.def)             Requested size: 430.00462pt x 283.03322pt.
 [155 <./hiptfits/pos/PSaccthreshold_cent0_ich1_accfire0_ptbin11.jpg>] [156 <./
hiptfits/pos/PSm2_cent0_ich1_accfire0_ptbin11.jpg> <./hiptfits/pos/PSm2_cent0_i
ch1_accfire1_ptbin11.jpg>]
Overfull \vbox (16.79942pt too high) has occurred while \output is active []


[157 <./hiptfits/pos/fitParams_tof2_cent0_ch1_pT-27-29.jpg> <./hiptfits/pos/fit
Params_tof3_cent0_ch1_pT-27-29.jpg>]
<hiptfits/pos/PSaccthreshold_cent0_ich1_accfire0_ptbin12.jpg, id=718, 6018.485p
t x 3986.895pt>
File: hiptfits/pos/PSaccthreshold_cent0_ich1_accfire0_ptbin12.jpg Graphic file 
(type jpg)

<use hiptfits/pos/PSaccthreshold_cent0_ich1_accfire0_ptbin12.jpg>
Package pdftex.def Info: hiptfits/pos/PSaccthreshold_cent0_ich1_accfire0_ptbin1
2.jpg used on input line 633.
(pdftex.def)             Requested size: 430.00462pt x 284.82967pt.

<hiptfits/pos/PSm2_cent0_ich1_accfire0_ptbin12.jpg, id=719, 6018.485pt x 3986.8
95pt>
File: hiptfits/pos/PSm2_cent0_ich1_accfire0_ptbin12.jpg Graphic file (type jpg)

 <use hiptfits/pos/PSm2_cent0_ich1_accfire0_ptbin12.jpg>
Package pdftex.def Info: hiptfits/pos/PSm2_cent0_ich1_accfire0_ptbin12.jpg used
 on input line 640.
(pdftex.def)             Requested size: 430.00462pt x 284.82967pt.

<hiptfits/pos/PSm2_cent0_ich1_accfire1_ptbin12.jpg, id=720, 6018.485pt x 3986.8
95pt>
File: hiptfits/pos/PSm2_cent0_ich1_accfire1_ptbin12.jpg Graphic file (type jpg)

 <use hiptfits/pos/PSm2_cent0_ich1_accfire1_ptbin12.jpg>
Package pdftex.def Info: hiptfits/pos/PSm2_cent0_ich1_accfire1_ptbin12.jpg used
 on input line 644.
(pdftex.def)             Requested size: 430.00462pt x 284.82967pt.

<hiptfits/pos/fitParams_tof2_cent0_ch1_pT-30-35.jpg, id=721, 3007.235pt x 1979.
395pt>
File: hiptfits/pos/fitParams_tof2_cent0_ch1_pT-30-35.jpg Graphic file (type jpg
)
 <use hiptfits/pos/fitParams_tof2_cent0_ch1_pT-30-35.jpg>
Package pdftex.def Info: hiptfits/pos/fitParams_tof2_cent0_ch1_pT-30-35.jpg use
d on input line 651.
(pdftex.def)             Requested size: 430.00462pt x 283.03322pt.

<hiptfits/pos/fitParams_tof3_cent0_ch1_pT-30-35.jpg, id=722, 3007.235pt x 1979.
395pt>
File: hiptfits/pos/fitParams_tof3_cent0_ch1_pT-30-35.jpg Graphic file (type jpg
)
 <use hiptfits/pos/fitParams_tof3_cent0_ch1_pT-30-35.jpg>
Package pdftex.def Info: hiptfits/pos/fitParams_tof3_cent0_ch1_pT-30-35.jpg use
d on input line 655.
(pdftex.def)             Requested size: 430.00462pt x 283.03322pt.
 [158 <./hiptfits/pos/PSaccthreshold_cent0_ich1_accfire0_ptbin12.jpg>] [159 <./
hiptfits/pos/PSm2_cent0_ich1_accfire0_ptbin12.jpg> <./hiptfits/pos/PSm2_cent0_i
ch1_accfire1_ptbin12.jpg>]
Overfull \vbox (16.79942pt too high) has occurred while \output is active []


[160 <./hiptfits/pos/fitParams_tof2_cent0_ch1_pT-30-35.jpg> <./hiptfits/pos/fit
Params_tof3_cent0_ch1_pT-30-35.jpg>]
<hiptfits/pos/PSaccthreshold_cent0_ich1_accfire0_ptbin13.jpg, id=732, 6018.485p
t x 3986.895pt>
File: hiptfits/pos/PSaccthreshold_cent0_ich1_accfire0_ptbin13.jpg Graphic file 
(type jpg)

<use hiptfits/pos/PSaccthreshold_cent0_ich1_accfire0_ptbin13.jpg>
Package pdftex.def Info: hiptfits/pos/PSaccthreshold_cent0_ich1_accfire0_ptbin1
3.jpg used on input line 666.
(pdftex.def)             Requested size: 430.00462pt x 284.82967pt.

<hiptfits/pos/PSm2_cent0_ich1_accfire0_ptbin13.jpg, id=733, 6018.485pt x 3986.8
95pt>
File: hiptfits/pos/PSm2_cent0_ich1_accfire0_ptbin13.jpg Graphic file (type jpg)

 <use hiptfits/pos/PSm2_cent0_ich1_accfire0_ptbin13.jpg>
Package pdftex.def Info: hiptfits/pos/PSm2_cent0_ich1_accfire0_ptbin13.jpg used
 on input line 673.
(pdftex.def)             Requested size: 430.00462pt x 284.82967pt.

<hiptfits/pos/PSm2_cent0_ich1_accfire1_ptbin13.jpg, id=734, 6018.485pt x 3986.8
95pt>
File: hiptfits/pos/PSm2_cent0_ich1_accfire1_ptbin13.jpg Graphic file (type jpg)

 <use hiptfits/pos/PSm2_cent0_ich1_accfire1_ptbin13.jpg>
Package pdftex.def Info: hiptfits/pos/PSm2_cent0_ich1_accfire1_ptbin13.jpg used
 on input line 677.
(pdftex.def)             Requested size: 430.00462pt x 284.82967pt.

<hiptfits/pos/fitParams_tof2_cent0_ch1_pT-35-40.jpg, id=735, 3007.235pt x 1979.
395pt>
File: hiptfits/pos/fitParams_tof2_cent0_ch1_pT-35-40.jpg Graphic file (type jpg
)
 <use hiptfits/pos/fitParams_tof2_cent0_ch1_pT-35-40.jpg>
Package pdftex.def Info: hiptfits/pos/fitParams_tof2_cent0_ch1_pT-35-40.jpg use
d on input line 684.
(pdftex.def)             Requested size: 430.00462pt x 283.03322pt.

<hiptfits/pos/fitParams_tof3_cent0_ch1_pT-35-40.jpg, id=736, 3007.235pt x 1979.
395pt>
File: hiptfits/pos/fitParams_tof3_cent0_ch1_pT-35-40.jpg Graphic file (type jpg
)
 <use hiptfits/pos/fitParams_tof3_cent0_ch1_pT-35-40.jpg>
Package pdftex.def Info: hiptfits/pos/fitParams_tof3_cent0_ch1_pT-35-40.jpg use
d on input line 688.
(pdftex.def)             Requested size: 430.00462pt x 283.03322pt.
 [161 <./hiptfits/pos/PSaccthreshold_cent0_ich1_accfire0_ptbin13.jpg>] [162 <./
hiptfits/pos/PSm2_cent0_ich1_accfire0_ptbin13.jpg> <./hiptfits/pos/PSm2_cent0_i
ch1_accfire1_ptbin13.jpg>]
Overfull \vbox (16.79942pt too high) has occurred while \output is active []


[163 <./hiptfits/pos/fitParams_tof2_cent0_ch1_pT-35-40.jpg> <./hiptfits/pos/fit
Params_tof3_cent0_ch1_pT-35-40.jpg>]
<hiptfits/pos/PSaccthreshold_cent0_ich1_accfire0_ptbin14.jpg, id=747, 6018.485p
t x 3986.895pt>
File: hiptfits/pos/PSaccthreshold_cent0_ich1_accfire0_ptbin14.jpg Graphic file 
(type jpg)

<use hiptfits/pos/PSaccthreshold_cent0_ich1_accfire0_ptbin14.jpg>
Package pdftex.def Info: hiptfits/pos/PSaccthreshold_cent0_ich1_accfire0_ptbin1
4.jpg used on input line 699.
(pdftex.def)             Requested size: 430.00462pt x 284.82967pt.

<hiptfits/pos/PSm2_cent0_ich1_accfire0_ptbin14.jpg, id=748, 6018.485pt x 3986.8
95pt>
File: hiptfits/pos/PSm2_cent0_ich1_accfire0_ptbin14.jpg Graphic file (type jpg)

 <use hiptfits/pos/PSm2_cent0_ich1_accfire0_ptbin14.jpg>
Package pdftex.def Info: hiptfits/pos/PSm2_cent0_ich1_accfire0_ptbin14.jpg used
 on input line 706.
(pdftex.def)             Requested size: 430.00462pt x 284.82967pt.

<hiptfits/pos/PSm2_cent0_ich1_accfire1_ptbin14.jpg, id=749, 6018.485pt x 3986.8
95pt>
File: hiptfits/pos/PSm2_cent0_ich1_accfire1_ptbin14.jpg Graphic file (type jpg)

 <use hiptfits/pos/PSm2_cent0_ich1_accfire1_ptbin14.jpg>
Package pdftex.def Info: hiptfits/pos/PSm2_cent0_ich1_accfire1_ptbin14.jpg used
 on input line 710.
(pdftex.def)             Requested size: 430.00462pt x 284.82967pt.

<hiptfits/pos/fitParams_tof2_cent0_ch1_pT-40-45.jpg, id=750, 3007.235pt x 1979.
395pt>
File: hiptfits/pos/fitParams_tof2_cent0_ch1_pT-40-45.jpg Graphic file (type jpg
)
 <use hiptfits/pos/fitParams_tof2_cent0_ch1_pT-40-45.jpg>
Package pdftex.def Info: hiptfits/pos/fitParams_tof2_cent0_ch1_pT-40-45.jpg use
d on input line 717.
(pdftex.def)             Requested size: 430.00462pt x 283.03322pt.

<hiptfits/pos/fitParams_tof3_cent0_ch1_pT-40-45.jpg, id=751, 3007.235pt x 1979.
395pt>
File: hiptfits/pos/fitParams_tof3_cent0_ch1_pT-40-45.jpg Graphic file (type jpg
)
 <use hiptfits/pos/fitParams_tof3_cent0_ch1_pT-40-45.jpg>
Package pdftex.def Info: hiptfits/pos/fitParams_tof3_cent0_ch1_pT-40-45.jpg use
d on input line 721.
(pdftex.def)             Requested size: 430.00462pt x 283.03322pt.
 [164 <./hiptfits/pos/PSaccthreshold_cent0_ich1_accfire0_ptbin14.jpg>] [165 <./
hiptfits/pos/PSm2_cent0_ich1_accfire0_ptbin14.jpg> <./hiptfits/pos/PSm2_cent0_i
ch1_accfire1_ptbin14.jpg>]
Overfull \vbox (16.79942pt too high) has occurred while \output is active []


[166 <./hiptfits/pos/fitParams_tof2_cent0_ch1_pT-40-45.jpg> <./hiptfits/pos/fit
Params_tof3_cent0_ch1_pT-40-45.jpg>]) (thesis.bbl [167

]

! LaTeX Error: \newblock undefined.

See the LaTeX manual or LaTeX Companion for explanation.
Type  H <return>  for immediate help.
 ...                                              
                                                  
l.1 \begin{thebibliography}{10}
                               
? 
[168

] [169] [170] [171] [172] [173]
Missing character: There is no ó in font cmr10!
 [174]
Missing character: There is no í in font cmr10!
Missing character: There is no í in font cmr10!
) [175] (thesis.aux)

LaTeX Warning: There were undefined references.


LaTeX Warning: There were multiply-defined labels.

 ) 
Here is how much of TeX's memory you used:
 7123 strings out of 493335
 127337 string characters out of 3136683
 192923 words of memory out of 3000000
 10303 multiletter control sequences out of 15000+200000
 13739 words of font info for 49 fonts, out of 3000000 for 9000
 1141 hyphenation exceptions out of 8191
 49i,23n,46p,2349b,629s stack positions out of 5000i,500n,10000p,200000b,50000s
<C:/Program Files (x86)/MiKTeX 2.9/fonts/type1/public/amsfonts/cm/cmbx10.pfb>
<C:/Program Files (x86)/MiKTeX 2.9/fonts/type1/public/amsfonts/cm/cmbx12.pfb><C
:/Program Files (x86)/MiKTeX 2.9/fonts/type1/public/amsfonts/cm/cmbxti10.pfb><C
:/Program Files (x86)/MiKTeX 2.9/fonts/type1/public/amsfonts/cm/cmex10.pfb><C:/
Program Files (x86)/MiKTeX 2.9/fonts/type1/public/amsfonts/cm/cmmi10.pfb><C:/Pr
ogram Files (x86)/MiKTeX 2.9/fonts/type1/public/amsfonts/cm/cmmi12.pfb><C:/Prog
ram Files (x86)/MiKTeX 2.9/fonts/type1/public/amsfonts/cm/cmmi6.pfb><C:/Program
 Files (x86)/MiKTeX 2.9/fonts/type1/public/amsfonts/cm/cmmi7.pfb><C:/Program Fi
les (x86)/MiKTeX 2.9/fonts/type1/public/amsfonts/cm/cmmi8.pfb><C:/Program Files
 (x86)/MiKTeX 2.9/fonts/type1/public/amsfonts/cm/cmr10.pfb><C:/Program Files (x
86)/MiKTeX 2.9/fonts/type1/public/amsfonts/cm/cmr12.pfb><C:/Program Files (x86)
/MiKTeX 2.9/fonts/type1/public/amsfonts/cm/cmr6.pfb><C:/Program Files (x86)/MiK
TeX 2.9/fonts/type1/public/amsfonts/cm/cmr7.pfb><C:/Program Files (x86)/MiKTeX 
2.9/fonts/type1/public/amsfonts/cm/cmr8.pfb><C:/Program Files (x86)/MiKTeX 2.9/
fonts/type1/public/amsfonts/cm/cmsy10.pfb><C:/Program Files (x86)/MiKTeX 2.9/fo
nts/type1/public/amsfonts/cm/cmsy6.pfb><C:/Program Files (x86)/MiKTeX 2.9/fonts
/type1/public/amsfonts/cm/cmsy7.pfb><C:/Program Files (x86)/MiKTeX 2.9/fonts/ty
pe1/public/amsfonts/cm/cmsy8.pfb><C:/Program Files (x86)/MiKTeX 2.9/fonts/type1
/public/amsfonts/cm/cmti10.pfb>
Output written on thesis.pdf (188 pages, 64617092 bytes).
PDF statistics:
 855 PDF objects out of 1000 (max. 8388607)
 0 named destinations out of 1000 (max. 500000)
 861 words of extra memory for PDF output out of 10000 (max. 10000000)

